#
# There is insufficient memory for the Java Runtime Environment to continue.
# Native memory allocation (malloc) failed to allocate 462096 bytes. Error detail: Chunk::new
# Possible reasons:
#   The system is out of physical RAM or swap space
#   This process is running with CompressedOops enabled, and the Java Heap may be blocking the growth of the native heap
# Possible solutions:
#   Reduce memory load on the system
#   Increase physical memory or swap space
#   Check if swap backing store is full
#   Decrease Java heap size (-Xmx/-Xms)
#   Decrease number of Java threads
#   Decrease Java thread stack sizes (-Xss)
#   Set larger code cache with -XX:ReservedCodeCacheSize=
#   JVM is running with Unscaled Compressed Oops mode in which the Java heap is
#     placed in the first 4GB address space. The Java Heap base address is the
#     maximum limit for the native heap growth. Please use -XX:HeapBaseMinAddress
#     to set the Java Heap base and to place the Java Heap above 4GB virtual address.
# This output file may be truncated or incomplete.
#
#  Out of Memory Error (arena.cpp:168), pid=27044, tid=20344
#
# JRE version: OpenJDK Runtime Environment Temurin-21.0.10+7 (21.0.10+7) (build 21.0.10+7-LTS)
# Java VM: OpenJDK 64-Bit Server VM Temurin-21.0.10+7 (21.0.10+7-LTS, mixed mode, sharing, tiered, compressed oops, compressed class ptrs, parallel gc, windows-amd64)
# No core dump will be written. Minidumps are not enabled by default on client versions of Windows
#

---------------  S U M M A R Y ------------

Command Line: --add-modules=ALL-SYSTEM --add-opens=java.base/java.util=ALL-UNNAMED --add-opens=java.base/java.lang=ALL-UNNAMED --add-opens=java.base/sun.nio.fs=ALL-UNNAMED -Declipse.application=org.eclipse.jdt.ls.core.id1 -Dosgi.bundles.defaultStartLevel=4 -Declipse.product=org.eclipse.jdt.ls.core.product -Djava.import.generatesMetadataFilesAtProjectRoot=false -DDetectVMInstallationsJob.disabled=true -Dfile.encoding=utf8 -XX:+UseParallelGC -XX:GCTimeRatio=4 -XX:AdaptiveSizePolicyWeight=90 -Dsun.zip.disableMemoryMapping=true -Xmx2G -Xms100m -Xlog:disable -javaagent:c:\Users\Gerson Ruiz\.vscode\extensions\redhat.java-1.53.0-win32-x64\lombok\lombok-1.18.39-4050.jar -XX:+HeapDumpOnOutOfMemoryError -XX:HeapDumpPath=c:\Users\Gerson Ruiz\AppData\Roaming\Code\User\workspaceStorage\75955001f1426692eb6e2b604dfdcce7\redhat.java -Daether.dependencyCollector.impl=bf c:\Users\Gerson Ruiz\.vscode\extensions\redhat.java-1.53.0-win32-x64\server\plugins\org.eclipse.equinox.launcher_1.7.100.v20251111-0406.jar -configuration c:\Users\Gerson Ruiz\AppData\Roaming\Code\User\globalStorage\redhat.java\1.53.0\config_win -data c:\Users\Gerson Ruiz\AppData\Roaming\Code\User\workspaceStorage\75955001f1426692eb6e2b604dfdcce7\redhat.java\jdt_ws --pipe=\\.\pipe\lsp-86d53eebcda01381d5d2ed520460334e-sock

Host: AMD Ryzen 5 5500U with Radeon Graphics         , 12 cores, 7G,  Windows 11 , 64 bit Build 26100 (10.0.26100.7920)
Time: Wed Mar 11 14:32:18 2026 Hora est. Pacífico, Sudamérica elapsed time: 42.634254 seconds (0d 0h 0m 42s)

---------------  T H R E A D  ---------------

Current thread (0x0000026a7ef25aa0):  JavaThread "C2 CompilerThread0" daemon [_thread_in_native, id=20344, stack(0x000000a9e9c00000,0x000000a9e9d00000) (1024K)]


Current CompileTask:
C2:42634 10400       4       org.eclipse.jdt.internal.core.util.WeakHashSet::get (65 bytes)

Stack: [0x000000a9e9c00000,0x000000a9e9d00000]
Native frames: (J=compiled Java code, j=interpreted, Vv=VM code, C=native code)
V  [jvm.dll+0x6d7a39]
V  [jvm.dll+0x8b4b26]
V  [jvm.dll+0x8b70de]
V  [jvm.dll+0x8b77c3]
V  [jvm.dll+0x284346]
V  [jvm.dll+0xc66ed]
V  [jvm.dll+0xc6c31]
V  [jvm.dll+0x3bec01]
V  [jvm.dll+0x38b162]
V  [jvm.dll+0x38a5aa]
V  [jvm.dll+0x24c560]
V  [jvm.dll+0x24bb40]
V  [jvm.dll+0x1cb34e]
V  [jvm.dll+0x25b85d]
V  [jvm.dll+0x259dea]
V  [jvm.dll+0x3f857e]
V  [jvm.dll+0x85f59d]
V  [jvm.dll+0x6d626d]
C  [ucrtbase.dll+0x37b0]
C  [KERNEL32.DLL+0x2e8d7]
C  [ntdll.dll+0x8c48c]


---------------  P R O C E S S  ---------------

Threads class SMR info:
_java_thread_list=0x0000026a05e92bc0, length=52, elements={
0x0000026a23d6d2b0, 0x0000026a3cb2e350, 0x0000026a26127400, 0x0000026a26138500,
0x0000026a26135710, 0x0000026a26135da0, 0x0000026a26137e70, 0x0000026a7ef25aa0,
0x0000026a7ef48310, 0x0000026a26136ac0, 0x0000026a26136430, 0x0000026a26137150,
0x0000026a26138b90, 0x0000026a261377e0, 0x0000026a04652840, 0x0000026a0464fa50,
0x0000026a04651490, 0x0000026a04650770, 0x0000026a04653560, 0x0000026a04650e00,
0x0000026a04652ed0, 0x0000026a046521b0, 0x0000026a046500e0, 0x0000026a046569e0,
0x0000026a04654910, 0x0000026a04657070, 0x0000026a04655cc0, 0x0000026a04654fa0,
0x0000026a04655630, 0x0000026a04656350, 0x0000026a04654280, 0x0000026a04653bf0,
0x0000026a0679a820, 0x0000026a0679a190, 0x0000026a0679bbd0, 0x0000026a06799470,
0x0000026a06798750, 0x0000026a0679aeb0, 0x0000026a0679b540, 0x0000026a06799b00,
0x0000026a0679c260, 0x0000026a0679e330, 0x0000026a0679f6e0, 0x0000026a0679e9c0,
0x0000026a0679f050, 0x0000026a0679fd70, 0x0000026a0679c8f0, 0x0000026a0679cf80,
0x0000026a0679dca0, 0x0000026a0679d610, 0x0000026a0712df80, 0x0000026a0712eca0
}

Java Threads: ( => current thread )
  0x0000026a23d6d2b0 JavaThread "main"                              [_thread_blocked, id=14232, stack(0x000000a9e9200000,0x000000a9e9300000) (1024K)]
  0x0000026a3cb2e350 JavaThread "Reference Handler"          daemon [_thread_blocked, id=24268, stack(0x000000a9e9600000,0x000000a9e9700000) (1024K)]
  0x0000026a26127400 JavaThread "Finalizer"                  daemon [_thread_blocked, id=27688, stack(0x000000a9e9700000,0x000000a9e9800000) (1024K)]
  0x0000026a26138500 JavaThread "Signal Dispatcher"          daemon [_thread_blocked, id=24584, stack(0x000000a9e9800000,0x000000a9e9900000) (1024K)]
  0x0000026a26135710 JavaThread "Attach Listener"            daemon [_thread_blocked, id=23096, stack(0x000000a9e9900000,0x000000a9e9a00000) (1024K)]
  0x0000026a26135da0 JavaThread "Service Thread"             daemon [_thread_blocked, id=26080, stack(0x000000a9e9a00000,0x000000a9e9b00000) (1024K)]
  0x0000026a26137e70 JavaThread "Monitor Deflation Thread"   daemon [_thread_blocked, id=14832, stack(0x000000a9e9b00000,0x000000a9e9c00000) (1024K)]
=>0x0000026a7ef25aa0 JavaThread "C2 CompilerThread0"         daemon [_thread_in_native, id=20344, stack(0x000000a9e9c00000,0x000000a9e9d00000) (1024K)]
  0x0000026a7ef48310 JavaThread "C1 CompilerThread0"         daemon [_thread_blocked, id=24296, stack(0x000000a9e9d00000,0x000000a9e9e00000) (1024K)]
  0x0000026a26136ac0 JavaThread "Common-Cleaner"             daemon [_thread_blocked, id=14824, stack(0x000000a9e9f00000,0x000000a9ea000000) (1024K)]
  0x0000026a26136430 JavaThread "Notification Thread"        daemon [_thread_blocked, id=22796, stack(0x000000a9e9e00000,0x000000a9e9f00000) (1024K)]
  0x0000026a26137150 JavaThread "Active Thread: Equinox Container: 2f116a1c-5d7e-4b3d-ac17-f1d33e4d80e7"        [_thread_blocked, id=26268, stack(0x000000a9ea800000,0x000000a9ea900000) (1024K)]
  0x0000026a26138b90 JavaThread "Refresh Thread: Equinox Container: 2f116a1c-5d7e-4b3d-ac17-f1d33e4d80e7" daemon [_thread_blocked, id=25516, stack(0x000000a9ea100000,0x000000a9ea200000) (1024K)]
  0x0000026a261377e0 JavaThread "Framework Event Dispatcher: Equinox Container: 2f116a1c-5d7e-4b3d-ac17-f1d33e4d80e7" daemon [_thread_blocked, id=16000, stack(0x000000a9ea900000,0x000000a9eaa00000) (1024K)]
  0x0000026a04652840 JavaThread "Start Level: Equinox Container: 2f116a1c-5d7e-4b3d-ac17-f1d33e4d80e7" daemon [_thread_blocked, id=27356, stack(0x000000a9eaa00000,0x000000a9eab00000) (1024K)]
  0x0000026a0464fa50 JavaThread "Bundle File Closer"         daemon [_thread_blocked, id=23208, stack(0x000000a9eae00000,0x000000a9eaf00000) (1024K)]
  0x0000026a04651490 JavaThread "SCR Component Actor"        daemon [_thread_blocked, id=11532, stack(0x000000a9ead00000,0x000000a9eae00000) (1024K)]
  0x0000026a04650770 JavaThread "Worker-JM"                         [_thread_blocked, id=28320, stack(0x000000a9eb000000,0x000000a9eb100000) (1024K)]
  0x0000026a04653560 JavaThread "JNA Cleaner"                daemon [_thread_blocked, id=14384, stack(0x000000a9eaf00000,0x000000a9eb000000) (1024K)]
  0x0000026a04650e00 JavaThread "Worker-0"                          [_thread_blocked, id=28084, stack(0x000000a9eb100000,0x000000a9eb200000) (1024K)]
  0x0000026a04652ed0 JavaThread "Worker-1: Publish Diagnostics"        [_thread_in_native, id=21532, stack(0x000000a9eb200000,0x000000a9eb300000) (1024K)]
  0x0000026a046521b0 JavaThread "Java indexing"              daemon [_thread_blocked, id=26484, stack(0x000000a9eb400000,0x000000a9eb500000) (1024K)]
  0x0000026a046500e0 JavaThread "Worker-2: Initialize workspace"        [_thread_in_native, id=27936, stack(0x000000a9eb800000,0x000000a9eb900000) (1024K)]
  0x0000026a046569e0 JavaThread "Worker-3: Send Classpath Notifications"        [_thread_blocked, id=23144, stack(0x000000a9eb900000,0x000000a9eba00000) (1024K)]
  0x0000026a04654910 JavaThread "Worker-4"                          [_thread_blocked, id=25932, stack(0x000000a9eba00000,0x000000a9ebb00000) (1024K)]
  0x0000026a04657070 JavaThread "Thread-1"                   daemon [_thread_in_native, id=20300, stack(0x000000a9ebb00000,0x000000a9ebc00000) (1024K)]
  0x0000026a04655cc0 JavaThread "Thread-2"                   daemon [_thread_in_native, id=22432, stack(0x000000a9ebc00000,0x000000a9ebd00000) (1024K)]
  0x0000026a04654fa0 JavaThread "Thread-3"                   daemon [_thread_in_native, id=26892, stack(0x000000a9ebd00000,0x000000a9ebe00000) (1024K)]
  0x0000026a04655630 JavaThread "Thread-4"                   daemon [_thread_in_native, id=10892, stack(0x000000a9ebe00000,0x000000a9ebf00000) (1024K)]
  0x0000026a04656350 JavaThread "Thread-5"                   daemon [_thread_in_native, id=22748, stack(0x000000a9ebf00000,0x000000a9ec000000) (1024K)]
  0x0000026a04654280 JavaThread "Thread-6"                   daemon [_thread_in_native, id=23404, stack(0x000000a9ec000000,0x000000a9ec100000) (1024K)]
  0x0000026a04653bf0 JavaThread "Thread-7"                   daemon [_thread_in_native, id=28240, stack(0x000000a9ec100000,0x000000a9ec200000) (1024K)]
  0x0000026a0679a820 JavaThread "Thread-8"                   daemon [_thread_in_native, id=24052, stack(0x000000a9ec200000,0x000000a9ec300000) (1024K)]
  0x0000026a0679a190 JavaThread "Thread-9"                   daemon [_thread_in_native, id=25644, stack(0x000000a9ec300000,0x000000a9ec400000) (1024K)]
  0x0000026a0679bbd0 JavaThread "Thread-10"                  daemon [_thread_in_native, id=25432, stack(0x000000a9ec400000,0x000000a9ec500000) (1024K)]
  0x0000026a06799470 JavaThread "Thread-11"                  daemon [_thread_in_native, id=21728, stack(0x000000a9ec500000,0x000000a9ec600000) (1024K)]
  0x0000026a06798750 JavaThread "Thread-12"                  daemon [_thread_in_native, id=25752, stack(0x000000a9ec600000,0x000000a9ec700000) (1024K)]
  0x0000026a0679aeb0 JavaThread "Thread-13"                  daemon [_thread_in_native, id=25492, stack(0x000000a9ec700000,0x000000a9ec800000) (1024K)]
  0x0000026a0679b540 JavaThread "pool-2-thread-1"                   [_thread_blocked, id=2512, stack(0x000000a9ec800000,0x000000a9ec900000) (1024K)]
  0x0000026a06799b00 JavaThread "WorkspaceEventsHandler"            [_thread_blocked, id=23660, stack(0x000000a9ec900000,0x000000a9eca00000) (1024K)]
  0x0000026a0679c260 JavaThread "pool-1-thread-1"                   [_thread_blocked, id=15700, stack(0x000000a9eca00000,0x000000a9ecb00000) (1024K)]
  0x0000026a0679e330 JavaThread "ForkJoinPool.commonPool-worker-1" daemon [_thread_blocked, id=28504, stack(0x000000a9ecb00000,0x000000a9ecc00000) (1024K)]
  0x0000026a0679f6e0 JavaThread "ForkJoinPool.commonPool-worker-2" daemon [_thread_blocked, id=428, stack(0x000000a9ecc00000,0x000000a9ecd00000) (1024K)]
  0x0000026a0679e9c0 JavaThread "ForkJoinPool.commonPool-worker-3" daemon [_thread_blocked, id=27240, stack(0x000000a9ecd00000,0x000000a9ece00000) (1024K)]
  0x0000026a0679f050 JavaThread "ForkJoinPool.commonPool-worker-4" daemon [_thread_blocked, id=26628, stack(0x000000a9ece00000,0x000000a9ecf00000) (1024K)]
  0x0000026a0679fd70 JavaThread "ForkJoinPool.commonPool-worker-5" daemon [_thread_blocked, id=28472, stack(0x000000a9ecf00000,0x000000a9ed000000) (1024K)]
  0x0000026a0679c8f0 JavaThread "ForkJoinPool.commonPool-worker-6" daemon [_thread_blocked, id=25528, stack(0x000000a9ed000000,0x000000a9ed100000) (1024K)]
  0x0000026a0679cf80 JavaThread "ForkJoinPool.commonPool-worker-7" daemon [_thread_blocked, id=25148, stack(0x000000a9ed100000,0x000000a9ed200000) (1024K)]
  0x0000026a0679dca0 JavaThread "ForkJoinPool.commonPool-worker-8" daemon [_thread_in_native, id=25060, stack(0x000000a9ed200000,0x000000a9ed300000) (1024K)]
  0x0000026a0679d610 JavaThread "ForkJoinPool.commonPool-worker-9" daemon [_thread_blocked, id=16236, stack(0x000000a9ed300000,0x000000a9ed400000) (1024K)]
  0x0000026a0712df80 JavaThread "ForkJoinPool.commonPool-worker-10" daemon [_thread_in_native, id=23460, stack(0x000000a9ed400000,0x000000a9ed500000) (1024K)]
  0x0000026a0712eca0 JavaThread "ForkJoinPool.commonPool-worker-11" daemon [_thread_blocked, id=23232, stack(0x000000a9ed500000,0x000000a9ed600000) (1024K)]
Total: 52

Other Threads:
  0x0000026a3cb13080 VMThread "VM Thread"                           [id=28164, stack(0x000000a9e9500000,0x000000a9e9600000) (1024K)]
  0x0000026a3ca0ca00 WatcherThread "VM Periodic Task Thread"        [id=26576, stack(0x000000a9e9400000,0x000000a9e9500000) (1024K)]
  0x0000026a260a1e10 WorkerThread "GC Thread#0"                     [id=10360, stack(0x000000a9e9300000,0x000000a9e9400000) (1024K)]
  0x0000026a0470e940 WorkerThread "GC Thread#1"                     [id=25244, stack(0x000000a9ea200000,0x000000a9ea300000) (1024K)]
  0x0000026a04793540 WorkerThread "GC Thread#2"                     [id=26656, stack(0x000000a9ea300000,0x000000a9ea400000) (1024K)]
  0x0000026a047938f0 WorkerThread "GC Thread#3"                     [id=10636, stack(0x000000a9ea400000,0x000000a9ea500000) (1024K)]
  0x0000026a0488ab80 WorkerThread "GC Thread#4"                     [id=25092, stack(0x000000a9ea500000,0x000000a9ea600000) (1024K)]
  0x0000026a0488af30 WorkerThread "GC Thread#5"                     [id=9488, stack(0x000000a9ea600000,0x000000a9ea700000) (1024K)]
  0x0000026a0488b6f0 WorkerThread "GC Thread#6"                     [id=27080, stack(0x000000a9ea700000,0x000000a9ea800000) (1024K)]
  0x0000026a7f1670d0 WorkerThread "GC Thread#7"                     [id=24912, stack(0x000000a9ea000000,0x000000a9ea100000) (1024K)]
  0x0000026a04aef710 WorkerThread "GC Thread#8"                     [id=23360, stack(0x000000a9eab00000,0x000000a9eac00000) (1024K)]
  0x0000026a045f74e0 WorkerThread "GC Thread#9"                     [id=25616, stack(0x000000a9eac00000,0x000000a9ead00000) (1024K)]
Total: 12

Threads with active compile tasks:
C2 CompilerThread0  42687 10400       4       org.eclipse.jdt.internal.core.util.WeakHashSet::get (65 bytes)
Total: 1

VM state: not at safepoint (normal execution)

VM Mutex/Monitor currently owned by a thread: None

Heap address: 0x0000000080000000, size: 2048 MB, Compressed Oops mode: 32-bit

CDS archive(s) mapped at: [0x0000026a3d000000-0x0000026a3dba0000-0x0000026a3dba0000), size 12189696, SharedBaseAddress: 0x0000026a3d000000, ArchiveRelocationMode: 1.
Compressed class space mapped at: 0x0000026a3e000000-0x0000026a7e000000, reserved size: 1073741824
Narrow klass base: 0x0000026a3d000000, Narrow klass shift: 0, Narrow klass range: 0x100000000

GC Precious Log:
 CardTable entry size: 512
 CPUs: 12 total, 12 available
 Memory: 7501M
 Large Page Support: Disabled
 NUMA Support: Disabled
 Compressed Oops: Enabled (32-bit)
 Alignments: Space 512K, Generation 512K, Heap 2M
 Heap Min Capacity: 100M
 Heap Initial Capacity: 100M
 Heap Max Capacity: 2G
 Pre-touch: Disabled
 Parallel Workers: 10

Heap:
 PSYoungGen      total 12800K, used 8623K [0x00000000d5580000, 0x00000000d6300000, 0x0000000100000000)
  eden space 12288K, 66% used [0x00000000d5580000,0x00000000d5d87ac0,0x00000000d6180000)
  from space 512K, 78% used [0x00000000d6280000,0x00000000d62e4210,0x00000000d6300000)
  to   space 512K, 0% used [0x00000000d6200000,0x00000000d6200000,0x00000000d6280000)
 ParOldGen       total 71680K, used 71117K [0x0000000080000000, 0x0000000084600000, 0x00000000d5580000)
  object space 71680K, 99% used [0x0000000080000000,0x00000000845737f0,0x0000000084600000)
 Metaspace       used 61297K, committed 62720K, reserved 1114112K
  class space    used 6486K, committed 7104K, reserved 1048576K

Card table byte_map: [0x0000026a25a20000,0x0000026a25e30000] _byte_map_base: 0x0000026a25620000

Marking Bits: (ParMarkBitMap*) 0x00007ffced413450
 Begin Bits: [0x0000026a38530000, 0x0000026a3a530000)
 End Bits:   [0x0000026a3a530000, 0x0000026a3c530000)

Polling page: 0x0000026a23f00000

Metaspace:

Usage:
  Non-class:     53.53 MB used.
      Class:      6.33 MB used.
       Both:     59.86 MB used.

Virtual space:
  Non-class space:       64.00 MB reserved,      54.31 MB ( 85%) committed,  1 nodes.
      Class space:        1.00 GB reserved,       6.94 MB ( <1%) committed,  1 nodes.
             Both:        1.06 GB reserved,      61.25 MB (  6%) committed. 

Chunk freelists:
   Non-Class:  9.66 MB
       Class:  8.91 MB
        Both:  18.56 MB

MaxMetaspaceSize: unlimited
CompressedClassSpaceSize: 1.00 GB
Initial GC threshold: 21.00 MB
Current GC threshold: 97.31 MB
CDS: on
 - commit_granule_bytes: 65536.
 - commit_granule_words: 8192.
 - virtual_space_node_default_size: 8388608.
 - enlarge_chunks_in_place: 1.
 - use_allocation_guard: 0.


Internal statistics:

num_allocs_failed_limit: 9.
num_arena_births: 1160.
num_arena_deaths: 14.
num_vsnodes_births: 2.
num_vsnodes_deaths: 0.
num_space_committed: 980.
num_space_uncommitted: 0.
num_chunks_returned_to_freelist: 23.
num_chunks_taken_from_freelist: 4023.
num_chunk_merges: 13.
num_chunk_splits: 2499.
num_chunks_enlarged: 1380.
num_inconsistent_stats: 0.

CodeHeap 'non-profiled nmethods': size=120000Kb used=6863Kb max_used=6863Kb free=113136Kb
 bounds [0x0000026a30d50000, 0x0000026a31410000, 0x0000026a38280000]
CodeHeap 'profiled nmethods': size=120000Kb used=21280Kb max_used=21280Kb free=98719Kb
 bounds [0x0000026a29280000, 0x0000026a2a750000, 0x0000026a307b0000]
CodeHeap 'non-nmethods': size=5760Kb used=1423Kb max_used=1504Kb free=4336Kb
 bounds [0x0000026a307b0000, 0x0000026a30a20000, 0x0000026a30d50000]
CodeCache: size=245760Kb, used=29566Kb, max_used=29647Kb, free=216191Kb
 total_blobs=10328, nmethods=9593, adapters=641, full_count=0
Compilation: enabled, stopped_count=0, restarted_count=0

Compilation events (20 events):
Event: 40.395 Thread 0x0000026a7ef48310 10393       3       java.lang.invoke.DirectMethodHandle$Holder::invokeStatic (17 bytes)
Event: 40.395 Thread 0x0000026a7ef48310 nmethod 10393 0x0000026a2a745810 code [0x0000026a2a7459e0, 0x0000026a2a745dc8]
Event: 40.395 Thread 0x0000026a7ef48310 10394       3       java.lang.invoke.LambdaForm$MH/0x0000026a3e017000::invoke (32 bytes)
Event: 40.396 Thread 0x0000026a7ef48310 nmethod 10394 0x0000026a2a745f10 code [0x0000026a2a7460e0, 0x0000026a2a7465a0]
Event: 40.396 Thread 0x0000026a7ef48310 10395       3       java.lang.invoke.DirectMethodHandle$Holder::invokeStatic (21 bytes)
Event: 40.396 Thread 0x0000026a7ef48310 nmethod 10395 0x0000026a2a746710 code [0x0000026a2a7468e0, 0x0000026a2a746dc0]
Event: 40.402 Thread 0x0000026a7ef48310 10396       3       java.lang.invoke.LambdaForm$MH/0x0000026a3e22f400::invoke (75 bytes)
Event: 40.403 Thread 0x0000026a7ef48310 nmethod 10396 0x0000026a2a746f10 code [0x0000026a2a747140, 0x0000026a2a747a60]
Event: 40.403 Thread 0x0000026a7ef48310 10397       3       java.lang.invoke.LambdaForm$MH/0x0000026a3e22f000::invoke (27 bytes)
Event: 40.403 Thread 0x0000026a7ef48310 nmethod 10397 0x0000026a2a747d10 code [0x0000026a2a747ee0, 0x0000026a2a748288]
Event: 41.215 Thread 0x0000026a7ef25aa0 nmethod 10384% 0x0000026a313f3e90 code [0x0000026a313f4800, 0x0000026a313fd3c8]
Event: 41.218 Thread 0x0000026a7ef25aa0 10387       4       java.util.jar.JarFile::match (132 bytes)
Event: 41.223 Thread 0x0000026a7ef25aa0 nmethod 10387 0x0000026a31401d90 code [0x0000026a31401f40, 0x0000026a31402278]
Event: 41.223 Thread 0x0000026a7ef25aa0 10388       4       java.lang.invoke.DirectMethodHandle::internalMemberName (8 bytes)
Event: 41.224 Thread 0x0000026a7ef25aa0 nmethod 10388 0x0000026a31402510 code [0x0000026a314026a0, 0x0000026a31402760]
Event: 41.971 Thread 0x0000026a7ef25aa0 10398       4       org.eclipse.jdt.internal.core.JarPackageFragmentRoot$$Lambda/0x0000026a3e5a9c78::apply (8 bytes)
Event: 41.983 Thread 0x0000026a7ef25aa0 nmethod 10398 0x0000026a31402810 code [0x0000026a31402a40, 0x0000026a31403240]
Event: 42.183 Thread 0x0000026a7ef25aa0 10399       4       java.util.ImmutableCollections$MapN::probe (60 bytes)
Event: 42.188 Thread 0x0000026a7ef25aa0 nmethod 10399 0x0000026a31403690 code [0x0000026a31403840, 0x0000026a31403aa8]
Event: 42.568 Thread 0x0000026a7ef25aa0 10400       4       org.eclipse.jdt.internal.core.util.WeakHashSet::get (65 bytes)

GC Heap History (20 events):
Event: 38.677 GC heap before
{Heap before GC invocations=80 (full 3):
 PSYoungGen      total 12800K, used 12608K [0x00000000d5580000, 0x00000000d6300000, 0x0000000100000000)
  eden space 12288K, 100% used [0x00000000d5580000,0x00000000d6180000,0x00000000d6180000)
  from space 512K, 62% used [0x00000000d6280000,0x00000000d62d0000,0x00000000d6300000)
  to   space 512K, 0% used [0x00000000d6200000,0x00000000d6200000,0x00000000d6280000)
 ParOldGen       total 68608K, used 67380K [0x0000000080000000, 0x0000000084300000, 0x00000000d5580000)
  object space 68608K, 98% used [0x0000000080000000,0x00000000841cd120,0x0000000084300000)
 Metaspace       used 61217K, committed 62656K, reserved 1114112K
  class space    used 6485K, committed 7104K, reserved 1048576K
}
Event: 38.679 GC heap after
{Heap after GC invocations=80 (full 3):
 PSYoungGen      total 12800K, used 448K [0x00000000d5580000, 0x00000000d6300000, 0x0000000100000000)
  eden space 12288K, 0% used [0x00000000d5580000,0x00000000d5580000,0x00000000d6180000)
  from space 512K, 87% used [0x00000000d6200000,0x00000000d6270000,0x00000000d6280000)
  to   space 512K, 0% used [0x00000000d6280000,0x00000000d6280000,0x00000000d6300000)
 ParOldGen       total 68608K, used 67636K [0x0000000080000000, 0x0000000084300000, 0x00000000d5580000)
  object space 68608K, 98% used [0x0000000080000000,0x000000008420d120,0x0000000084300000)
 Metaspace       used 61217K, committed 62656K, reserved 1114112K
  class space    used 6485K, committed 7104K, reserved 1048576K
}
Event: 38.715 GC heap before
{Heap before GC invocations=81 (full 3):
 PSYoungGen      total 12800K, used 12736K [0x00000000d5580000, 0x00000000d6300000, 0x0000000100000000)
  eden space 12288K, 100% used [0x00000000d5580000,0x00000000d6180000,0x00000000d6180000)
  from space 512K, 87% used [0x00000000d6200000,0x00000000d6270000,0x00000000d6280000)
  to   space 512K, 0% used [0x00000000d6280000,0x00000000d6280000,0x00000000d6300000)
 ParOldGen       total 68608K, used 67636K [0x0000000080000000, 0x0000000084300000, 0x00000000d5580000)
  object space 68608K, 98% used [0x0000000080000000,0x000000008420d120,0x0000000084300000)
 Metaspace       used 61222K, committed 62656K, reserved 1114112K
  class space    used 6485K, committed 7104K, reserved 1048576K
}
Event: 38.717 GC heap after
{Heap after GC invocations=81 (full 3):
 PSYoungGen      total 12800K, used 480K [0x00000000d5580000, 0x00000000d6300000, 0x0000000100000000)
  eden space 12288K, 0% used [0x00000000d5580000,0x00000000d5580000,0x00000000d6180000)
  from space 512K, 93% used [0x00000000d6280000,0x00000000d62f8000,0x00000000d6300000)
  to   space 512K, 0% used [0x00000000d6200000,0x00000000d6200000,0x00000000d6280000)
 ParOldGen       total 68608K, used 67892K [0x0000000080000000, 0x0000000084300000, 0x00000000d5580000)
  object space 68608K, 98% used [0x0000000080000000,0x000000008424d120,0x0000000084300000)
 Metaspace       used 61222K, committed 62656K, reserved 1114112K
  class space    used 6485K, committed 7104K, reserved 1048576K
}
Event: 38.745 GC heap before
{Heap before GC invocations=82 (full 3):
 PSYoungGen      total 12800K, used 12768K [0x00000000d5580000, 0x00000000d6300000, 0x0000000100000000)
  eden space 12288K, 100% used [0x00000000d5580000,0x00000000d6180000,0x00000000d6180000)
  from space 512K, 93% used [0x00000000d6280000,0x00000000d62f8000,0x00000000d6300000)
  to   space 512K, 0% used [0x00000000d6200000,0x00000000d6200000,0x00000000d6280000)
 ParOldGen       total 68608K, used 67892K [0x0000000080000000, 0x0000000084300000, 0x00000000d5580000)
  object space 68608K, 98% used [0x0000000080000000,0x000000008424d120,0x0000000084300000)
 Metaspace       used 61222K, committed 62656K, reserved 1114112K
  class space    used 6485K, committed 7104K, reserved 1048576K
}
Event: 38.747 GC heap after
{Heap after GC invocations=82 (full 3):
 PSYoungGen      total 12800K, used 495K [0x00000000d5580000, 0x00000000d6380000, 0x0000000100000000)
  eden space 12288K, 0% used [0x00000000d5580000,0x00000000d5580000,0x00000000d6180000)
  from space 512K, 96% used [0x00000000d6200000,0x00000000d627bcc8,0x00000000d6280000)
  to   space 1024K, 0% used [0x00000000d6280000,0x00000000d6280000,0x00000000d6380000)
 ParOldGen       total 68608K, used 68210K [0x0000000080000000, 0x0000000084300000, 0x00000000d5580000)
  object space 68608K, 99% used [0x0000000080000000,0x000000008429c9c0,0x0000000084300000)
 Metaspace       used 61222K, committed 62656K, reserved 1114112K
  class space    used 6485K, committed 7104K, reserved 1048576K
}
Event: 38.780 GC heap before
{Heap before GC invocations=83 (full 3):
 PSYoungGen      total 12800K, used 12783K [0x00000000d5580000, 0x00000000d6380000, 0x0000000100000000)
  eden space 12288K, 100% used [0x00000000d5580000,0x00000000d6180000,0x00000000d6180000)
  from space 512K, 96% used [0x00000000d6200000,0x00000000d627bcc8,0x00000000d6280000)
  to   space 1024K, 0% used [0x00000000d6280000,0x00000000d6280000,0x00000000d6380000)
 ParOldGen       total 68608K, used 68210K [0x0000000080000000, 0x0000000084300000, 0x00000000d5580000)
  object space 68608K, 99% used [0x0000000080000000,0x000000008429c9c0,0x0000000084300000)
 Metaspace       used 61234K, committed 62656K, reserved 1114112K
  class space    used 6485K, committed 7104K, reserved 1048576K
}
Event: 38.782 GC heap after
{Heap after GC invocations=83 (full 3):
 PSYoungGen      total 13312K, used 448K [0x00000000d5580000, 0x00000000d6380000, 0x0000000100000000)
  eden space 12288K, 0% used [0x00000000d5580000,0x00000000d5580000,0x00000000d6180000)
  from space 1024K, 43% used [0x00000000d6280000,0x00000000d62f0000,0x00000000d6380000)
  to   space 1024K, 0% used [0x00000000d6180000,0x00000000d6180000,0x00000000d6280000)
 ParOldGen       total 69120K, used 68659K [0x0000000080000000, 0x0000000084380000, 0x00000000d5580000)
  object space 69120K, 99% used [0x0000000080000000,0x000000008430cea0,0x0000000084380000)
 Metaspace       used 61234K, committed 62656K, reserved 1114112K
  class space    used 6485K, committed 7104K, reserved 1048576K
}
Event: 38.822 GC heap before
{Heap before GC invocations=84 (full 3):
 PSYoungGen      total 13312K, used 12736K [0x00000000d5580000, 0x00000000d6380000, 0x0000000100000000)
  eden space 12288K, 100% used [0x00000000d5580000,0x00000000d6180000,0x00000000d6180000)
  from space 1024K, 43% used [0x00000000d6280000,0x00000000d62f0000,0x00000000d6380000)
  to   space 1024K, 0% used [0x00000000d6180000,0x00000000d6180000,0x00000000d6280000)
 ParOldGen       total 69120K, used 68659K [0x0000000080000000, 0x0000000084380000, 0x00000000d5580000)
  object space 69120K, 99% used [0x0000000080000000,0x000000008430cea0,0x0000000084380000)
 Metaspace       used 61237K, committed 62656K, reserved 1114112K
  class space    used 6485K, committed 7104K, reserved 1048576K
}
Event: 38.825 GC heap after
{Heap after GC invocations=84 (full 3):
 PSYoungGen      total 13312K, used 384K [0x00000000d5580000, 0x00000000d6300000, 0x0000000100000000)
  eden space 12288K, 0% used [0x00000000d5580000,0x00000000d5580000,0x00000000d6180000)
  from space 1024K, 37% used [0x00000000d6180000,0x00000000d61e0000,0x00000000d6280000)
  to   space 512K, 0% used [0x00000000d6280000,0x00000000d6280000,0x00000000d6300000)
 ParOldGen       total 69120K, used 68899K [0x0000000080000000, 0x0000000084380000, 0x00000000d5580000)
  object space 69120K, 99% used [0x0000000080000000,0x0000000084348ea0,0x0000000084380000)
 Metaspace       used 61237K, committed 62656K, reserved 1114112K
  class space    used 6485K, committed 7104K, reserved 1048576K
}
Event: 38.867 GC heap before
{Heap before GC invocations=85 (full 3):
 PSYoungGen      total 13312K, used 12672K [0x00000000d5580000, 0x00000000d6300000, 0x0000000100000000)
  eden space 12288K, 100% used [0x00000000d5580000,0x00000000d6180000,0x00000000d6180000)
  from space 1024K, 37% used [0x00000000d6180000,0x00000000d61e0000,0x00000000d6280000)
  to   space 512K, 0% used [0x00000000d6280000,0x00000000d6280000,0x00000000d6300000)
 ParOldGen       total 69120K, used 68899K [0x0000000080000000, 0x0000000084380000, 0x00000000d5580000)
  object space 69120K, 99% used [0x0000000080000000,0x0000000084348ea0,0x0000000084380000)
 Metaspace       used 61238K, committed 62656K, reserved 1114112K
  class space    used 6485K, committed 7104K, reserved 1048576K
}
Event: 38.868 GC heap after
{Heap after GC invocations=85 (full 3):
 PSYoungGen      total 12800K, used 480K [0x00000000d5580000, 0x00000000d6300000, 0x0000000100000000)
  eden space 12288K, 0% used [0x00000000d5580000,0x00000000d5580000,0x00000000d6180000)
  from space 512K, 93% used [0x00000000d6280000,0x00000000d62f8000,0x00000000d6300000)
  to   space 512K, 0% used [0x00000000d6200000,0x00000000d6200000,0x00000000d6280000)
 ParOldGen       total 69632K, used 69124K [0x0000000080000000, 0x0000000084400000, 0x00000000d5580000)
  object space 69632K, 99% used [0x0000000080000000,0x0000000084381040,0x0000000084400000)
 Metaspace       used 61238K, committed 62656K, reserved 1114112K
  class space    used 6485K, committed 7104K, reserved 1048576K
}
Event: 38.899 GC heap before
{Heap before GC invocations=86 (full 3):
 PSYoungGen      total 12800K, used 12768K [0x00000000d5580000, 0x00000000d6300000, 0x0000000100000000)
  eden space 12288K, 100% used [0x00000000d5580000,0x00000000d6180000,0x00000000d6180000)
  from space 512K, 93% used [0x00000000d6280000,0x00000000d62f8000,0x00000000d6300000)
  to   space 512K, 0% used [0x00000000d6200000,0x00000000d6200000,0x00000000d6280000)
 ParOldGen       total 69632K, used 69124K [0x0000000080000000, 0x0000000084400000, 0x00000000d5580000)
  object space 69632K, 99% used [0x0000000080000000,0x0000000084381040,0x0000000084400000)
 Metaspace       used 61240K, committed 62656K, reserved 1114112K
  class space    used 6485K, committed 7104K, reserved 1048576K
}
Event: 38.901 GC heap after
{Heap after GC invocations=86 (full 3):
 PSYoungGen      total 12800K, used 480K [0x00000000d5580000, 0x00000000d6300000, 0x0000000100000000)
  eden space 12288K, 0% used [0x00000000d5580000,0x00000000d5580000,0x00000000d6180000)
  from space 512K, 93% used [0x00000000d6200000,0x00000000d6278000,0x00000000d6280000)
  to   space 512K, 0% used [0x00000000d6280000,0x00000000d6280000,0x00000000d6300000)
 ParOldGen       total 69632K, used 69374K [0x0000000080000000, 0x0000000084400000, 0x00000000d5580000)
  object space 69632K, 99% used [0x0000000080000000,0x00000000843bf8d8,0x0000000084400000)
 Metaspace       used 61240K, committed 62656K, reserved 1114112K
  class space    used 6485K, committed 7104K, reserved 1048576K
}
Event: 38.948 GC heap before
{Heap before GC invocations=87 (full 3):
 PSYoungGen      total 12800K, used 12768K [0x00000000d5580000, 0x00000000d6300000, 0x0000000100000000)
  eden space 12288K, 100% used [0x00000000d5580000,0x00000000d6180000,0x00000000d6180000)
  from space 512K, 93% used [0x00000000d6200000,0x00000000d6278000,0x00000000d6280000)
  to   space 512K, 0% used [0x00000000d6280000,0x00000000d6280000,0x00000000d6300000)
 ParOldGen       total 69632K, used 69374K [0x0000000080000000, 0x0000000084400000, 0x00000000d5580000)
  object space 69632K, 99% used [0x0000000080000000,0x00000000843bf8d8,0x0000000084400000)
 Metaspace       used 61247K, committed 62720K, reserved 1114112K
  class space    used 6485K, committed 7104K, reserved 1048576K
}
Event: 38.949 GC heap after
{Heap after GC invocations=87 (full 3):
 PSYoungGen      total 12800K, used 512K [0x00000000d5580000, 0x00000000d6380000, 0x0000000100000000)
  eden space 12288K, 0% used [0x00000000d5580000,0x00000000d5580000,0x00000000d6180000)
  from space 512K, 100% used [0x00000000d6280000,0x00000000d6300000,0x00000000d6300000)
  to   space 1024K, 0% used [0x00000000d6180000,0x00000000d6180000,0x00000000d6280000)
 ParOldGen       total 70144K, used 69710K [0x0000000080000000, 0x0000000084480000, 0x00000000d5580000)
  object space 70144K, 99% used [0x0000000080000000,0x00000000844138d8,0x0000000084480000)
 Metaspace       used 61247K, committed 62720K, reserved 1114112K
  class space    used 6485K, committed 7104K, reserved 1048576K
}
Event: 39.376 GC heap before
{Heap before GC invocations=88 (full 3):
 PSYoungGen      total 12800K, used 12800K [0x00000000d5580000, 0x00000000d6380000, 0x0000000100000000)
  eden space 12288K, 100% used [0x00000000d5580000,0x00000000d6180000,0x00000000d6180000)
  from space 512K, 100% used [0x00000000d6280000,0x00000000d6300000,0x00000000d6300000)
  to   space 1024K, 0% used [0x00000000d6180000,0x00000000d6180000,0x00000000d6280000)
 ParOldGen       total 70144K, used 69710K [0x0000000080000000, 0x0000000084480000, 0x00000000d5580000)
  object space 70144K, 99% used [0x0000000080000000,0x00000000844138d8,0x0000000084480000)
 Metaspace       used 61259K, committed 62720K, reserved 1114112K
  class space    used 6485K, committed 7104K, reserved 1048576K
}
Event: 39.379 GC heap after
{Heap after GC invocations=88 (full 3):
 PSYoungGen      total 13312K, used 463K [0x00000000d5580000, 0x00000000d6300000, 0x0000000100000000)
  eden space 12288K, 0% used [0x00000000d5580000,0x00000000d5580000,0x00000000d6180000)
  from space 1024K, 45% used [0x00000000d6180000,0x00000000d61f3e10,0x00000000d6280000)
  to   space 512K, 0% used [0x00000000d6280000,0x00000000d6280000,0x00000000d6300000)
 ParOldGen       total 70144K, used 70030K [0x0000000080000000, 0x0000000084480000, 0x00000000d5580000)
  object space 70144K, 99% used [0x0000000080000000,0x00000000844638d8,0x0000000084480000)
 Metaspace       used 61259K, committed 62720K, reserved 1114112K
  class space    used 6485K, committed 7104K, reserved 1048576K
}
Event: 39.745 GC heap before
{Heap before GC invocations=89 (full 3):
 PSYoungGen      total 13312K, used 12751K [0x00000000d5580000, 0x00000000d6300000, 0x0000000100000000)
  eden space 12288K, 100% used [0x00000000d5580000,0x00000000d6180000,0x00000000d6180000)
  from space 1024K, 45% used [0x00000000d6180000,0x00000000d61f3e10,0x00000000d6280000)
  to   space 512K, 0% used [0x00000000d6280000,0x00000000d6280000,0x00000000d6300000)
 ParOldGen       total 70144K, used 70030K [0x0000000080000000, 0x0000000084480000, 0x00000000d5580000)
  object space 70144K, 99% used [0x0000000080000000,0x00000000844638d8,0x0000000084480000)
 Metaspace       used 61266K, committed 62720K, reserved 1114112K
  class space    used 6485K, committed 7104K, reserved 1048576K
}
Event: 39.748 GC heap after
{Heap after GC invocations=89 (full 3):
 PSYoungGen      total 12800K, used 400K [0x00000000d5580000, 0x00000000d6300000, 0x0000000100000000)
  eden space 12288K, 0% used [0x00000000d5580000,0x00000000d5580000,0x00000000d6180000)
  from space 512K, 78% used [0x00000000d6280000,0x00000000d62e4210,0x00000000d6300000)
  to   space 512K, 0% used [0x00000000d6200000,0x00000000d6200000,0x00000000d6280000)
 ParOldGen       total 71680K, used 71117K [0x0000000080000000, 0x0000000084600000, 0x00000000d5580000)
  object space 71680K, 99% used [0x0000000080000000,0x00000000845737f0,0x0000000084600000)
 Metaspace       used 61266K, committed 62720K, reserved 1114112K
  class space    used 6485K, committed 7104K, reserved 1048576K
}

Dll operation events (10 events):
Event: 0.649 Loaded shared library c:\Users\Gerson Ruiz\.vscode\extensions\redhat.java-1.53.0-win32-x64\jre\21.0.10-win32-x86_64\bin\java.dll
Event: 0.713 Loaded shared library c:\Users\Gerson Ruiz\.vscode\extensions\redhat.java-1.53.0-win32-x64\jre\21.0.10-win32-x86_64\bin\zip.dll
Event: 0.735 Loaded shared library C:\Users\Gerson Ruiz\.vscode\extensions\redhat.java-1.53.0-win32-x64\jre\21.0.10-win32-x86_64\bin\instrument.dll
Event: 0.742 Loaded shared library C:\Users\Gerson Ruiz\.vscode\extensions\redhat.java-1.53.0-win32-x64\jre\21.0.10-win32-x86_64\bin\net.dll
Event: 0.746 Loaded shared library C:\Users\Gerson Ruiz\.vscode\extensions\redhat.java-1.53.0-win32-x64\jre\21.0.10-win32-x86_64\bin\nio.dll
Event: 0.751 Loaded shared library C:\Users\Gerson Ruiz\.vscode\extensions\redhat.java-1.53.0-win32-x64\jre\21.0.10-win32-x86_64\bin\zip.dll
Event: 0.772 Loaded shared library C:\Users\Gerson Ruiz\.vscode\extensions\redhat.java-1.53.0-win32-x64\jre\21.0.10-win32-x86_64\bin\jimage.dll
Event: 0.992 Loaded shared library c:\Users\Gerson Ruiz\.vscode\extensions\redhat.java-1.53.0-win32-x64\jre\21.0.10-win32-x86_64\bin\verify.dll
Event: 11.914 Loaded shared library C:\Users\Gerson Ruiz\AppData\Roaming\Code\User\globalStorage\redhat.java\1.53.0\config_win\org.eclipse.equinox.launcher\org.eclipse.equinox.launcher.win32.win32.x86_64_1.3.0.v20260203-2149\eclipse_11919.dll
Event: 22.570 Loaded shared library C:\Users\Gerson Ruiz\AppData\Local\Temp\jna--740873446\jna12758636316129151574.dll

Deoptimization events (20 events):
Event: 40.318 Thread 0x0000026a0712df80 DEOPT PACKING pc=0x0000026a2a69a1fb sp=0x000000a9ed4fda10
Event: 40.318 Thread 0x0000026a0712df80 DEOPT UNPACKING pc=0x0000026a30804242 sp=0x000000a9ed4fce80 mode 0
Event: 40.331 Thread 0x0000026a0712df80 DEOPT PACKING pc=0x0000026a2a69a1fb sp=0x000000a9ed4fda10
Event: 40.331 Thread 0x0000026a0712df80 DEOPT UNPACKING pc=0x0000026a30804242 sp=0x000000a9ed4fce80 mode 0
Event: 40.388 Thread 0x0000026a0712df80 DEOPT PACKING pc=0x0000026a2a69a1fb sp=0x000000a9ed4fda10
Event: 40.388 Thread 0x0000026a0712df80 DEOPT UNPACKING pc=0x0000026a30804242 sp=0x000000a9ed4fce80 mode 0
Event: 41.970 Thread 0x0000026a0679dca0 Uncommon trap: trap_request=0xffffffdc fr.pc=0x0000026a313e1834 relative=0x0000000000000594
Event: 41.970 Thread 0x0000026a04652ed0 Uncommon trap: trap_request=0xffffffdc fr.pc=0x0000026a313e1834 relative=0x0000000000000594
Event: 41.970 Thread 0x0000026a04652ed0 Uncommon trap: reason=class_check action=make_not_entrant pc=0x0000026a313e1834 method=java.util.ImmutableCollections$ListN.toArray([Ljava/lang/Object;)[Ljava/lang/Object; @ 21 c2
Event: 41.970 Thread 0x0000026a0679dca0 Uncommon trap: reason=class_check action=make_not_entrant pc=0x0000026a313e1834 method=java.util.ImmutableCollections$ListN.toArray([Ljava/lang/Object;)[Ljava/lang/Object; @ 21 c2
Event: 41.970 Thread 0x0000026a04652ed0 DEOPT PACKING pc=0x0000026a313e1834 sp=0x000000a9eb2fe120
Event: 41.970 Thread 0x0000026a0679dca0 DEOPT PACKING pc=0x0000026a313e1834 sp=0x000000a9ed2fdce0
Event: 41.970 Thread 0x0000026a04652ed0 DEOPT UNPACKING pc=0x0000026a30803aa2 sp=0x000000a9eb2fdfa8 mode 2
Event: 41.970 Thread 0x0000026a0679dca0 DEOPT UNPACKING pc=0x0000026a30803aa2 sp=0x000000a9ed2fdb68 mode 2
Event: 42.184 Thread 0x0000026a04652ed0 Uncommon trap: trap_request=0xffffffcc fr.pc=0x0000026a31402f98 relative=0x0000000000000558
Event: 42.184 Thread 0x0000026a04652ed0 Uncommon trap: reason=intrinsic_or_type_checked_inlining action=make_not_entrant pc=0x0000026a31402f98 method=java.util.ImmutableCollections$ListN.toArray([Ljava/lang/Object;)[Ljava/lang/Object; @ 33 c2
Event: 42.184 Thread 0x0000026a04652ed0 DEOPT PACKING pc=0x0000026a31402f98 sp=0x000000a9eb2fe120
Event: 42.184 Thread 0x0000026a04652ed0 DEOPT UNPACKING pc=0x0000026a30803aa2 sp=0x000000a9eb2fdf98 mode 2
Event: 42.569 Thread 0x0000026a04652ed0 DEOPT PACKING pc=0x0000026a2a651370 sp=0x000000a9eb2fe4b0
Event: 42.569 Thread 0x0000026a04652ed0 DEOPT UNPACKING pc=0x0000026a30804242 sp=0x000000a9eb2fda98 mode 0

Classes loaded (20 events):
Event: 30.612 Loading class java/io/SequenceInputStream
Event: 30.612 Loading class java/io/SequenceInputStream done
Event: 30.658 Loading class java/util/WeakHashMap$KeyIterator
Event: 30.658 Loading class java/util/WeakHashMap$KeyIterator done
Event: 30.683 Loading class java/util/concurrent/CompletableFuture$UniApply
Event: 30.683 Loading class java/util/concurrent/CompletableFuture$UniApply done
Event: 30.684 Loading class java/util/concurrent/CompletableFuture$UniExceptionally
Event: 30.684 Loading class java/util/concurrent/CompletableFuture$UniExceptionally done
Event: 30.732 Loading class java/util/Hashtable$KeySet
Event: 30.732 Loading class java/util/Hashtable$KeySet done
Event: 31.136 Loading class java/lang/UnsupportedClassVersionError
Event: 31.137 Loading class java/lang/UnsupportedClassVersionError done
Event: 32.277 Loading class sun/nio/cs/ISO_8859_1$Encoder
Event: 32.277 Loading class sun/nio/cs/ISO_8859_1$Encoder done
Event: 32.277 Loading class sun/nio/cs/Surrogate$Parser
Event: 32.278 Loading class sun/nio/cs/Surrogate$Parser done
Event: 32.278 Loading class sun/nio/cs/Surrogate
Event: 32.278 Loading class sun/nio/cs/Surrogate done
Event: 38.692 Loading class java/lang/invoke/MethodHandleImpl$CountingWrapper$1
Event: 38.692 Loading class java/lang/invoke/MethodHandleImpl$CountingWrapper$1 done

Classes unloaded (7 events):
Event: 23.441 Thread 0x0000026a3cb13080 Unloading class 0x0000026a3e1ad000 'java/lang/invoke/LambdaForm$MH+0x0000026a3e1ad000'
Event: 23.441 Thread 0x0000026a3cb13080 Unloading class 0x0000026a3e1acc00 'java/lang/invoke/LambdaForm$MH+0x0000026a3e1acc00'
Event: 23.441 Thread 0x0000026a3cb13080 Unloading class 0x0000026a3e1ac800 'java/lang/invoke/LambdaForm$MH+0x0000026a3e1ac800'
Event: 23.441 Thread 0x0000026a3cb13080 Unloading class 0x0000026a3e1ac400 'java/lang/invoke/LambdaForm$MH+0x0000026a3e1ac400'
Event: 23.441 Thread 0x0000026a3cb13080 Unloading class 0x0000026a3e1ac000 'java/lang/invoke/LambdaForm$BMH+0x0000026a3e1ac000'
Event: 23.441 Thread 0x0000026a3cb13080 Unloading class 0x0000026a3e1abc00 'java/lang/invoke/LambdaForm$DMH+0x0000026a3e1abc00'
Event: 23.441 Thread 0x0000026a3cb13080 Unloading class 0x0000026a3e1aa800 'java/lang/invoke/LambdaForm$DMH+0x0000026a3e1aa800'

Classes redefined (0 events):
No events

Internal exceptions (20 events):
Event: 37.198 Thread 0x0000026a04652ed0 Implicit null exception at 0x0000026a31309881 to 0x0000026a3130caf4
Event: 37.352 Thread 0x0000026a0679c260 Exception <a 'java/lang/IncompatibleClassChangeError'{0x00000000d58b6098}: Found class java.lang.Object, but interface was expected> (0x00000000d58b6098) 
thrown [s\src\hotspot\share\interpreter\linkResolver.cpp, line 840]
Event: 37.364 Thread 0x0000026a0679d610 Exception <a 'java/lang/NoSuchMethodError'{0x00000000d5c84148}: 'java.lang.Object java.lang.invoke.DirectMethodHandle$Holder.invokeSpecial(java.lang.Object, java.lang.Object, java.lang.Object, java.lang.Object, int, java.lang.Object, java.lang.Object)'> (0x00000000d5c84148) 
thrown [s\src\hotspot\share\interpreter\linkResolver.cpp, line 773]
Event: 37.720 Thread 0x0000026a0679dca0 Implicit null exception at 0x0000026a312fce85 to 0x0000026a312fe364
Event: 37.733 Thread 0x0000026a0679dca0 Implicit null exception at 0x0000026a30efb1a8 to 0x0000026a30efba58
Event: 37.917 Thread 0x0000026a046569e0 Exception <a 'sun/nio/fs/WindowsException'{0x00000000d5586880}> (0x00000000d5586880) 
thrown [s\src\hotspot\share\prims\jni.cpp, line 520]
Event: 37.917 Thread 0x0000026a046569e0 Exception <a 'sun/nio/fs/WindowsException'{0x00000000d5586db8}> (0x00000000d5586db8) 
thrown [s\src\hotspot\share\prims\jni.cpp, line 520]
Event: 37.933 Thread 0x0000026a046569e0 Exception <a 'sun/nio/fs/WindowsException'{0x00000000d5602f20}> (0x00000000d5602f20) 
thrown [s\src\hotspot\share\prims\jni.cpp, line 520]
Event: 37.933 Thread 0x0000026a046569e0 Exception <a 'sun/nio/fs/WindowsException'{0x00000000d56036c0}> (0x00000000d56036c0) 
thrown [s\src\hotspot\share\prims\jni.cpp, line 520]
Event: 37.959 Thread 0x0000026a046500e0 Exception <a 'sun/nio/fs/WindowsException'{0x00000000d57a3018}> (0x00000000d57a3018) 
thrown [s\src\hotspot\share\prims\jni.cpp, line 520]
Event: 37.959 Thread 0x0000026a046500e0 Exception <a 'sun/nio/fs/WindowsException'{0x00000000d57a3800}> (0x00000000d57a3800) 
thrown [s\src\hotspot\share\prims\jni.cpp, line 520]
Event: 37.971 Thread 0x0000026a046569e0 Exception <a 'java/lang/NoSuchMethodError'{0x00000000d5802d10}: method resolution failed> (0x00000000d5802d10) 
thrown [s\src\hotspot\share\prims\methodHandles.cpp, line 1136]
Event: 40.191 Thread 0x0000026a0712df80 Exception <a 'sun/nio/fs/WindowsException'{0x00000000d565f850}> (0x00000000d565f850) 
thrown [s\src\hotspot\share\prims\jni.cpp, line 520]
Event: 40.191 Thread 0x0000026a0712df80 Exception <a 'sun/nio/fs/WindowsException'{0x00000000d5660058}> (0x00000000d5660058) 
thrown [s\src\hotspot\share\prims\jni.cpp, line 520]
Event: 40.193 Thread 0x0000026a0712df80 Exception <a 'sun/nio/fs/WindowsException'{0x00000000d5664778}> (0x00000000d5664778) 
thrown [s\src\hotspot\share\prims\jni.cpp, line 520]
Event: 40.193 Thread 0x0000026a0712df80 Exception <a 'sun/nio/fs/WindowsException'{0x00000000d5664f60}> (0x00000000d5664f60) 
thrown [s\src\hotspot\share\prims\jni.cpp, line 520]
Event: 40.195 Thread 0x0000026a0712df80 Exception <a 'sun/nio/fs/WindowsException'{0x00000000d5674970}> (0x00000000d5674970) 
thrown [s\src\hotspot\share\prims\jni.cpp, line 520]
Event: 40.196 Thread 0x0000026a0712df80 Exception <a 'sun/nio/fs/WindowsException'{0x00000000d56a3aa0}> (0x00000000d56a3aa0) 
thrown [s\src\hotspot\share\prims\jni.cpp, line 520]
Event: 40.239 Thread 0x0000026a0712df80 Exception <a 'sun/nio/fs/WindowsException'{0x00000000d573c9f8}> (0x00000000d573c9f8) 
thrown [s\src\hotspot\share\prims\jni.cpp, line 520]
Event: 40.239 Thread 0x0000026a0712df80 Exception <a 'sun/nio/fs/WindowsException'{0x00000000d573d420}> (0x00000000d573d420) 
thrown [s\src\hotspot\share\prims\jni.cpp, line 520]

ZGC Phase Switch (0 events):
No events

VM Operations (20 events):
Event: 38.715 Executing safepoint VM operation: ParallelGCFailedAllocation (Allocation Failure)
Event: 38.717 Executing safepoint VM operation: ParallelGCFailedAllocation (Allocation Failure) done
Event: 38.745 Executing safepoint VM operation: ParallelGCFailedAllocation (Allocation Failure)
Event: 38.747 Executing safepoint VM operation: ParallelGCFailedAllocation (Allocation Failure) done
Event: 38.780 Executing safepoint VM operation: ParallelGCFailedAllocation (Allocation Failure)
Event: 38.782 Executing safepoint VM operation: ParallelGCFailedAllocation (Allocation Failure) done
Event: 38.822 Executing safepoint VM operation: ParallelGCFailedAllocation (Allocation Failure)
Event: 38.825 Executing safepoint VM operation: ParallelGCFailedAllocation (Allocation Failure) done
Event: 38.867 Executing safepoint VM operation: ParallelGCFailedAllocation (Allocation Failure)
Event: 38.868 Executing safepoint VM operation: ParallelGCFailedAllocation (Allocation Failure) done
Event: 38.899 Executing safepoint VM operation: ParallelGCFailedAllocation (Allocation Failure)
Event: 38.901 Executing safepoint VM operation: ParallelGCFailedAllocation (Allocation Failure) done
Event: 38.948 Executing safepoint VM operation: ParallelGCFailedAllocation (Allocation Failure)
Event: 38.949 Executing safepoint VM operation: ParallelGCFailedAllocation (Allocation Failure) done
Event: 39.376 Executing safepoint VM operation: ParallelGCFailedAllocation (Allocation Failure)
Event: 39.379 Executing safepoint VM operation: ParallelGCFailedAllocation (Allocation Failure) done
Event: 39.745 Executing safepoint VM operation: ParallelGCFailedAllocation (Allocation Failure)
Event: 39.748 Executing safepoint VM operation: ParallelGCFailedAllocation (Allocation Failure) done
Event: 40.750 Executing safepoint VM operation: Cleanup
Event: 40.750 Executing safepoint VM operation: Cleanup done

Memory protections (0 events):
No events

Nmethod flushes (20 events):
Event: 31.191 Thread 0x0000026a3cb13080 flushing  nmethod 0x0000026a29ba7610
Event: 31.191 Thread 0x0000026a3cb13080 flushing  nmethod 0x0000026a29bbe990
Event: 31.191 Thread 0x0000026a3cb13080 flushing  nmethod 0x0000026a29bc2290
Event: 31.191 Thread 0x0000026a3cb13080 flushing  nmethod 0x0000026a29bc3990
Event: 31.191 Thread 0x0000026a3cb13080 flushing  nmethod 0x0000026a29bd7990
Event: 31.191 Thread 0x0000026a3cb13080 flushing  nmethod 0x0000026a29bd9f90
Event: 31.191 Thread 0x0000026a3cb13080 flushing  nmethod 0x0000026a29bda590
Event: 31.191 Thread 0x0000026a3cb13080 flushing  nmethod 0x0000026a29bde710
Event: 31.191 Thread 0x0000026a3cb13080 flushing  nmethod 0x0000026a29be1310
Event: 31.191 Thread 0x0000026a3cb13080 flushing  nmethod 0x0000026a29c3f810
Event: 31.191 Thread 0x0000026a3cb13080 flushing  nmethod 0x0000026a29c65990
Event: 31.191 Thread 0x0000026a3cb13080 flushing  nmethod 0x0000026a29c6db90
Event: 31.191 Thread 0x0000026a3cb13080 flushing  nmethod 0x0000026a29c6f690
Event: 31.191 Thread 0x0000026a3cb13080 flushing  nmethod 0x0000026a29c70f90
Event: 31.191 Thread 0x0000026a3cb13080 flushing  nmethod 0x0000026a29c7b290
Event: 31.191 Thread 0x0000026a3cb13080 flushing  nmethod 0x0000026a29c7ba10
Event: 31.191 Thread 0x0000026a3cb13080 flushing  nmethod 0x0000026a29c7bd90
Event: 31.191 Thread 0x0000026a3cb13080 flushing  nmethod 0x0000026a29c7c110
Event: 31.191 Thread 0x0000026a3cb13080 flushing  nmethod 0x0000026a29c7c690
Event: 31.191 Thread 0x0000026a3cb13080 flushing  nmethod 0x0000026a29c7da10

Events (20 events):
Event: 37.264 Thread 0x0000026a087b4120 Thread exited: 0x0000026a087b4120
Event: 37.264 Thread 0x0000026a07130050 Thread exited: 0x0000026a07130050
Event: 37.264 Thread 0x0000026a087b54d0 Thread exited: 0x0000026a087b54d0
Event: 37.264 Thread 0x0000026a087b4e40 Thread exited: 0x0000026a087b4e40
Event: 37.265 Thread 0x0000026a0712f330 Thread exited: 0x0000026a0712f330
Event: 37.265 Thread 0x0000026a071306e0 Thread exited: 0x0000026a071306e0
Event: 37.265 Thread 0x0000026a087b6f10 Thread exited: 0x0000026a087b6f10
Event: 37.265 Thread 0x0000026a0712e610 Thread exited: 0x0000026a0712e610
Event: 37.266 Thread 0x0000026a07130d70 Thread exited: 0x0000026a07130d70
Event: 37.266 Thread 0x0000026a087b6880 Thread exited: 0x0000026a087b6880
Event: 37.267 Thread 0x0000026a0712f9c0 Thread exited: 0x0000026a0712f9c0
Event: 37.543 Thread 0x0000026a0532c970 Thread exited: 0x0000026a0532c970
Event: 37.543 Thread 0x0000026a0532dd20 Thread exited: 0x0000026a0532dd20
Event: 37.544 Thread 0x0000026a0532d690 Thread exited: 0x0000026a0532d690
Event: 37.544 Thread 0x0000026a087b61f0 Thread exited: 0x0000026a087b61f0
Event: 37.544 Thread 0x0000026a0532d000 Thread exited: 0x0000026a0532d000
Event: 38.682 Thread 0x0000026a07db7040 Thread exited: 0x0000026a07db7040
Event: 38.684 Thread 0x0000026a0aa9d910 Thread exited: 0x0000026a0aa9d910
Event: 39.142 Thread 0x0000026a7ef48310 Thread added: 0x0000026a07db8b80
Event: 39.739 Thread 0x0000026a07db8b80 Thread exited: 0x0000026a07db8b80


Dynamic libraries:
0x00007ff6bcb30000 - 0x00007ff6bcb3e000 	c:\Users\Gerson Ruiz\.vscode\extensions\redhat.java-1.53.0-win32-x64\jre\21.0.10-win32-x86_64\bin\java.exe
0x00007ffdbed80000 - 0x00007ffdbefe7000 	C:\WINDOWS\SYSTEM32\ntdll.dll
0x00007ffdbd040000 - 0x00007ffdbd109000 	C:\WINDOWS\System32\KERNEL32.DLL
0x00007ffdbc3d0000 - 0x00007ffdbc7c1000 	C:\WINDOWS\System32\KERNELBASE.dll
0x00007ffdbb720000 - 0x00007ffdbb86b000 	C:\WINDOWS\System32\ucrtbase.dll
0x00007ffdb61a0000 - 0x00007ffdb61b8000 	c:\Users\Gerson Ruiz\.vscode\extensions\redhat.java-1.53.0-win32-x64\jre\21.0.10-win32-x86_64\bin\jli.dll
0x00007ffdb6130000 - 0x00007ffdb614e000 	c:\Users\Gerson Ruiz\.vscode\extensions\redhat.java-1.53.0-win32-x64\jre\21.0.10-win32-x86_64\bin\VCRUNTIME140.dll
0x00007ffdbd710000 - 0x00007ffdbd8d5000 	C:\WINDOWS\System32\USER32.dll
0x00007ffdbb660000 - 0x00007ffdbb687000 	C:\WINDOWS\System32\win32u.dll
0x00007ffda4010000 - 0x00007ffda42a3000 	C:\WINDOWS\WinSxS\amd64_microsoft.windows.common-controls_6595b64144ccf1df_6.0.26100.8037_none_3e092faae333b53b\COMCTL32.dll
0x00007ffdbd010000 - 0x00007ffdbd03b000 	C:\WINDOWS\System32\GDI32.dll
0x00007ffdbdc20000 - 0x00007ffdbdcc9000 	C:\WINDOWS\System32\msvcrt.dll
0x00007ffdbc7d0000 - 0x00007ffdbc8fb000 	C:\WINDOWS\System32\gdi32full.dll
0x00007ffdbca70000 - 0x00007ffdbcb13000 	C:\WINDOWS\System32\msvcp_win.dll
0x00007ffdbed00000 - 0x00007ffdbed31000 	C:\WINDOWS\System32\IMM32.DLL
0x00007ffdb6120000 - 0x00007ffdb612c000 	c:\Users\Gerson Ruiz\.vscode\extensions\redhat.java-1.53.0-win32-x64\jre\21.0.10-win32-x86_64\bin\vcruntime140_1.dll
0x00007ffd91320000 - 0x00007ffd913ad000 	c:\Users\Gerson Ruiz\.vscode\extensions\redhat.java-1.53.0-win32-x64\jre\21.0.10-win32-x86_64\bin\msvcp140.dll
0x00007ffcec750000 - 0x00007ffced4f1000 	c:\Users\Gerson Ruiz\.vscode\extensions\redhat.java-1.53.0-win32-x64\jre\21.0.10-win32-x86_64\bin\server\jvm.dll
0x00007ffdbe460000 - 0x00007ffdbe51b000 	C:\WINDOWS\System32\ADVAPI32.dll
0x00007ffdbd8e0000 - 0x00007ffdbd987000 	C:\WINDOWS\System32\sechost.dll
0x00007ffdbd520000 - 0x00007ffdbd638000 	C:\WINDOWS\System32\RPCRT4.dll
0x00007ffdbe7f0000 - 0x00007ffdbe864000 	C:\WINDOWS\System32\WS2_32.dll
0x00007ffdbb4c0000 - 0x00007ffdbb51e000 	C:\WINDOWS\SYSTEM32\POWRPROF.dll
0x00007ffdb4db0000 - 0x00007ffdb4de5000 	C:\WINDOWS\SYSTEM32\WINMM.dll
0x00007ffdb4df0000 - 0x00007ffdb4dfb000 	C:\WINDOWS\SYSTEM32\VERSION.dll
0x00007ffdbb4a0000 - 0x00007ffdbb4b4000 	C:\WINDOWS\SYSTEM32\UMPDC.dll
0x00007ffdba3f0000 - 0x00007ffdba40b000 	C:\WINDOWS\SYSTEM32\kernel.appcore.dll
0x00007ffdb14c0000 - 0x00007ffdb14ca000 	c:\Users\Gerson Ruiz\.vscode\extensions\redhat.java-1.53.0-win32-x64\jre\21.0.10-win32-x86_64\bin\jimage.dll
0x00007ffdb1700000 - 0x00007ffdb1942000 	C:\WINDOWS\SYSTEM32\DBGHELP.DLL
0x00007ffdbd110000 - 0x00007ffdbd492000 	C:\WINDOWS\System32\combase.dll
0x00007ffdbe550000 - 0x00007ffdbe627000 	C:\WINDOWS\System32\OLEAUT32.dll
0x00007ffda1310000 - 0x00007ffda134b000 	C:\WINDOWS\SYSTEM32\dbgcore.DLL
0x00007ffdbb930000 - 0x00007ffdbb9d5000 	C:\WINDOWS\System32\bcryptPrimitives.dll
0x00007ffdb14b0000 - 0x00007ffdb14bf000 	c:\Users\Gerson Ruiz\.vscode\extensions\redhat.java-1.53.0-win32-x64\jre\21.0.10-win32-x86_64\bin\instrument.dll
0x00007ffdb1450000 - 0x00007ffdb1470000 	c:\Users\Gerson Ruiz\.vscode\extensions\redhat.java-1.53.0-win32-x64\jre\21.0.10-win32-x86_64\bin\java.dll
0x00007ffdbdcd0000 - 0x00007ffdbe42f000 	C:\WINDOWS\System32\SHELL32.dll
0x00007ffdbc900000 - 0x00007ffdbca6a000 	C:\WINDOWS\System32\wintypes.dll
0x00007ffdbb9e0000 - 0x00007ffdbc244000 	C:\WINDOWS\System32\windows.storage.dll
0x00007ffdbcb40000 - 0x00007ffdbcc37000 	C:\WINDOWS\System32\SHCORE.dll
0x00007ffdbd4a0000 - 0x00007ffdbd507000 	C:\WINDOWS\System32\shlwapi.dll
0x00007ffdbb580000 - 0x00007ffdbb5a9000 	C:\WINDOWS\SYSTEM32\profapi.dll
0x00007ffdab110000 - 0x00007ffdab128000 	c:\Users\Gerson Ruiz\.vscode\extensions\redhat.java-1.53.0-win32-x64\jre\21.0.10-win32-x86_64\bin\zip.dll
0x00007ffdab0d0000 - 0x00007ffdab0e0000 	C:\Users\Gerson Ruiz\.vscode\extensions\redhat.java-1.53.0-win32-x64\jre\21.0.10-win32-x86_64\bin\net.dll
0x00007ffdb5850000 - 0x00007ffdb5977000 	C:\WINDOWS\SYSTEM32\WINHTTP.dll
0x00007ffdba960000 - 0x00007ffdba9cb000 	C:\WINDOWS\system32\mswsock.dll
0x00007ffd91580000 - 0x00007ffd91596000 	C:\Users\Gerson Ruiz\.vscode\extensions\redhat.java-1.53.0-win32-x64\jre\21.0.10-win32-x86_64\bin\nio.dll
0x00007ffda9b10000 - 0x00007ffda9b20000 	c:\Users\Gerson Ruiz\.vscode\extensions\redhat.java-1.53.0-win32-x64\jre\21.0.10-win32-x86_64\bin\verify.dll
0x00007ffd91530000 - 0x00007ffd91575000 	C:\Users\Gerson Ruiz\AppData\Roaming\Code\User\globalStorage\redhat.java\1.53.0\config_win\org.eclipse.equinox.launcher\org.eclipse.equinox.launcher.win32.win32.x86_64_1.3.0.v20260203-2149\eclipse_11919.dll
0x00007ffdbce70000 - 0x00007ffdbd005000 	C:\WINDOWS\System32\ole32.dll
0x00007ffdbac40000 - 0x00007ffdbac5b000 	C:\WINDOWS\SYSTEM32\CRYPTSP.dll
0x00007ffdba350000 - 0x00007ffdba389000 	C:\WINDOWS\system32\rsaenh.dll
0x00007ffdbaa10000 - 0x00007ffdbaa42000 	C:\WINDOWS\SYSTEM32\USERENV.dll
0x00007ffdbb550000 - 0x00007ffdbb57a000 	C:\WINDOWS\SYSTEM32\bcrypt.dll
0x00007ffdbac60000 - 0x00007ffdbac6c000 	C:\WINDOWS\SYSTEM32\CRYPTBASE.dll
0x00007ffdb9e30000 - 0x00007ffdb9e63000 	C:\WINDOWS\SYSTEM32\IPHLPAPI.DLL
0x00007ffdbd510000 - 0x00007ffdbd51a000 	C:\WINDOWS\System32\NSI.dll
0x00007ffd914e0000 - 0x00007ffd91529000 	C:\Users\Gerson Ruiz\AppData\Local\Temp\jna--740873446\jna12758636316129151574.dll
0x00007ffdbcb20000 - 0x00007ffdbcb28000 	C:\WINDOWS\System32\PSAPI.DLL
0x00007ffdb6950000 - 0x00007ffdb696d000 	C:\WINDOWS\SYSTEM32\dhcpcsvc6.DLL
0x00007ffdb6820000 - 0x00007ffdb6843000 	C:\WINDOWS\SYSTEM32\dhcpcsvc.DLL

JVMTI agents:
c:\Users\Gerson Ruiz\.vscode\extensions\redhat.java-1.53.0-win32-x64\lombok\lombok-1.18.39-4050.jar path:c:\Users\Gerson Ruiz\.vscode\extensions\redhat.java-1.53.0-win32-x64\jre\21.0.10-win32-x86_64\bin\instrument.dll, loaded, initialized, instrumentlib options:none

dbghelp: loaded successfully - version: 4.0.5 - missing functions: none
symbol engine: initialized successfully - sym options: 0x614 - pdb path: .;c:\Users\Gerson Ruiz\.vscode\extensions\redhat.java-1.53.0-win32-x64\jre\21.0.10-win32-x86_64\bin;C:\WINDOWS\SYSTEM32;C:\WINDOWS\WinSxS\amd64_microsoft.windows.common-controls_6595b64144ccf1df_6.0.26100.8037_none_3e092faae333b53b;c:\Users\Gerson Ruiz\.vscode\extensions\redhat.java-1.53.0-win32-x64\jre\21.0.10-win32-x86_64\bin\server;C:\Users\Gerson Ruiz\AppData\Roaming\Code\User\globalStorage\redhat.java\1.53.0\config_win\org.eclipse.equinox.launcher\org.eclipse.equinox.launcher.win32.win32.x86_64_1.3.0.v20260203-2149;C:\Users\Gerson Ruiz\AppData\Local\Temp\jna--740873446

VM Arguments:
jvm_args: --add-modules=ALL-SYSTEM --add-opens=java.base/java.util=ALL-UNNAMED --add-opens=java.base/java.lang=ALL-UNNAMED --add-opens=java.base/sun.nio.fs=ALL-UNNAMED -Declipse.application=org.eclipse.jdt.ls.core.id1 -Dosgi.bundles.defaultStartLevel=4 -Declipse.product=org.eclipse.jdt.ls.core.product -Djava.import.generatesMetadataFilesAtProjectRoot=false -DDetectVMInstallationsJob.disabled=true -Dfile.encoding=utf8 -XX:+UseParallelGC -XX:GCTimeRatio=4 -XX:AdaptiveSizePolicyWeight=90 -Dsun.zip.disableMemoryMapping=true -Xmx2G -Xms100m -Xlog:disable -javaagent:c:\Users\Gerson Ruiz\.vscode\extensions\redhat.java-1.53.0-win32-x64\lombok\lombok-1.18.39-4050.jar -XX:+HeapDumpOnOutOfMemoryError -XX:HeapDumpPath=c:\Users\Gerson Ruiz\AppData\Roaming\Code\User\workspaceStorage\75955001f1426692eb6e2b604dfdcce7\redhat.java -Daether.dependencyCollector.impl=bf 
java_command: c:\Users\Gerson Ruiz\.vscode\extensions\redhat.java-1.53.0-win32-x64\server\plugins\org.eclipse.equinox.launcher_1.7.100.v20251111-0406.jar -configuration c:\Users\Gerson Ruiz\AppData\Roaming\Code\User\globalStorage\redhat.java\1.53.0\config_win -data c:\Users\Gerson Ruiz\AppData\Roaming\Code\User\workspaceStorage\75955001f1426692eb6e2b604dfdcce7\redhat.java\jdt_ws --pipe=\\.\pipe\lsp-86d53eebcda01381d5d2ed520460334e-sock
java_class_path (initial): c:\Users\Gerson Ruiz\.vscode\extensions\redhat.java-1.53.0-win32-x64\server\plugins\org.eclipse.equinox.launcher_1.7.100.v20251111-0406.jar
Launcher Type: SUN_STANDARD

[Global flags]
    uintx AdaptiveSizePolicyWeight                 = 90                                        {product} {command line}
     intx CICompilerCount                          = 4                                         {product} {ergonomic}
    uintx GCTimeRatio                              = 4                                         {product} {command line}
     bool HeapDumpOnOutOfMemoryError               = true                                   {manageable} {command line}
    ccstr HeapDumpPath                             = c:\Users\Gerson Ruiz\AppData\Roaming\Code\User\workspaceStorage\75955001f1426692eb6e2b604dfdcce7\redhat.java         {manageable} {command line}
   size_t InitialHeapSize                          = 104857600                                 {product} {command line}
   size_t MaxHeapSize                              = 2147483648                                {product} {command line}
   size_t MaxNewSize                               = 715653120                                 {product} {ergonomic}
   size_t MinHeapDeltaBytes                        = 524288                                    {product} {ergonomic}
   size_t MinHeapSize                              = 104857600                                 {product} {command line}
   size_t NewSize                                  = 34603008                                  {product} {ergonomic}
    uintx NonNMethodCodeHeapSize                   = 5839372                                {pd product} {ergonomic}
    uintx NonProfiledCodeHeapSize                  = 122909434                              {pd product} {ergonomic}
   size_t OldSize                                  = 70254592                                  {product} {ergonomic}
    uintx ProfiledCodeHeapSize                     = 122909434                              {pd product} {ergonomic}
    uintx ReservedCodeCacheSize                    = 251658240                              {pd product} {ergonomic}
     bool SegmentedCodeCache                       = true                                      {product} {ergonomic}
   size_t SoftMaxHeapSize                          = 2147483648                             {manageable} {ergonomic}
     bool UseCompressedOops                        = true                           {product lp64_product} {ergonomic}
     bool UseLargePagesIndividualAllocation        = false                                  {pd product} {ergonomic}
     bool UseParallelGC                            = true                                      {product} {command line}

Logging:
Log output configuration:
 #0: stdout all=off uptime,level,tags foldmultilines=false
 #1: stderr all=off uptime,level,tags foldmultilines=false

Release file:
JAVA_VERSION="21.0.10" 
MODULES="java.base java.compiler java.datatransfer java.xml java.prefs java.desktop java.instrument java.logging java.management java.security.sasl java.naming java.rmi java.management.rmi java.net.http java.scripting java.security.jgss java.transaction.xa java.sql java.sql.rowset java.xml.crypto java.se java.smartcardio jdk.accessibility jdk.internal.jvmstat jdk.attach jdk.charsets jdk.internal.opt jdk.zipfs jdk.compiler jdk.crypto.ec jdk.crypto.cryptoki jdk.crypto.mscapi jdk.dynalink jdk.internal.ed jdk.editpad jdk.hotspot.agent jdk.httpserver jdk.internal.le jdk.internal.vm.ci jdk.internal.vm.compiler jdk.internal.vm.compiler.management jdk.jartool jdk.javadoc jdk.jcmd jdk.management jdk.management.agent jdk.jconsole jdk.jdeps jdk.jdwp.agent jdk.jdi jdk.jfr jdk.jshell jdk.jsobject jdk.jstatd jdk.localedata jdk.management.jfr jdk.naming.dns jdk.naming.rmi jdk.net jdk.nio.mapmode jdk.random jdk.sctp jdk.security.auth jdk.security.jgss jdk.unsupported jdk.unsupported.desktop jdk.xml.dom" 

Environment Variables:
JAVA_HOME=C:\jdk-17.0.16
PATH=C:\Users\Gerson Ruiz\AppData\Local\Programs\Microsoft VS Code;C:\Program Files\Microsoft SDKs\Azure\CLI2\wbin;C:\Python313\Scripts\;C:\Python313\;C:\Program Files\Common Files\Oracle\Java\javapath;C:\Program Files (x86)\Common Files\Oracle\Java\javapath;C:\Program Files (x86)\Common Files\Intel\Shared Libraries\redist\ia32\compiler;C:\Program Files (x86)\Common Files\Intel\Shared Libraries\redist\intel64\compiler;C:\windows\system32;C:\windows;C:\windows\System32\Wbem;C:\windows\System32\WindowsPowerShell\v1.0\;C:\windows\System32\OpenSSH\;C:\Program Files (x86)\dotnet\;c:\Program Files (x86)\Acustica\Framework\;c:\Program Files\Acustica\Framework\;C:\Program Files\HP\HP One Agent;C:\WINDOWS\system32;C:\WINDOWS;C:\WINDOWS\System32\Wbem;C:\WINDOWS\System32\WindowsPowerShell\v1.0\;C:\WINDOWS\System32\OpenSSH\;C:\Program Files\nodejs\;C:\ProgramData\chocolatey\bin;C:\Program Files\Git\cmd;C:\Program Files\apache-maven-3.9.9\apache-maven-3.9.9\bin\bin;C:\Program Files\apache-maven-3.9.9\apache-maven-3.9.9\bin;C:\Program Files\PowerShell\7\;C:\jdk-17.0.16\bin;C:\Program Files\MySQL\MySQL Shell 8.0\bin\;C:\Users\Gerson Ruiz\AppData\Local\Programs\Python\Python311\Scripts\;C:\Users\Gerson Ruiz\AppData\Local\Programs\Python\Python311\;C:\Users\Gerson Ruiz\AppData\Local\Microsoft\WindowsApps;C:\Users\Gerson Ruiz\AppData\Local\Programs\Microsoft VS Code\bin;C:\xampp\mysql\bin;C:\Users\Gerson Ruiz\AppData\Roaming\npm;C:\Program Files\MongoDB\Server\8.0\bin;C:\Program Files\MongoDB\mongosh-2.4.2-win32-x64\mongosh-2.4.2-win32-x64\bin;C:\Program Files\apache-maven-3.9.9\apache-maven-3.9.9\bin;C:\flutter\bin;C:\Users\Gerson Ruiz\AppData\Local\Android\Sdk\cmdline-tools\latest\bin;C:\src\flutter\bin;C:\msys64\ucrt64\bin;C:\Android\cmdline-tools\latest\bin;
USERNAME=Moises Ruiz
OS=Windows_NT
PROCESSOR_IDENTIFIER=AMD64 Family 23 Model 104 Stepping 1, AuthenticAMD
TMP=C:\Users\GERSON~1\AppData\Local\Temp
TEMP=C:\Users\GERSON~1\AppData\Local\Temp




Periodic native trim disabled

---------------  S Y S T E M  ---------------

OS:
 Windows 11 , 64 bit Build 26100 (10.0.26100.7920)
OS uptime: 0 days 5:31 hours
Hyper-V role detected

CPU: total 12 (initial active 12) (12 cores per cpu, 2 threads per core) family 23 model 104 stepping 1 microcode 0x8608107, cx8, cmov, fxsr, ht, mmx, 3dnowpref, sse, sse2, sse3, ssse3, sse4a, sse4.1, sse4.2, popcnt, lzcnt, tsc, tscinvbit, avx, avx2, aes, clmul, bmi1, bmi2, adx, sha, fma, vzeroupper, clflush, clflushopt, hv, rdtscp, rdpid, f16c
Processor Information for the first 12 processors :
  Max Mhz: 2100, Current Mhz: 2100, Mhz Limit: 2100

Memory: 4k page, system-wide physical 7501M (320M free)
TotalPageFile size 22937M (AvailPageFile size 2M)
current process WorkingSet (physical memory assigned to process): 244M, peak: 305M
current process commit charge ("private bytes"): 357M, peak: 389M

vm_info: OpenJDK 64-Bit Server VM (21.0.10+7-LTS) for windows-amd64 JRE (21.0.10+7-LTS), built on 2026-01-20T00:00:00Z by "admin" with MS VC++ 17.12 (VS2022)

END.
