#
# There is insufficient memory for the Java Runtime Environment to continue.
# Native memory allocation (malloc) failed to allocate 1048576 bytes. Error detail: AllocateHeap
# Possible reasons:
#   The system is out of physical RAM or swap space
#   This process is running with CompressedOops enabled, and the Java Heap may be blocking the growth of the native heap
# Possible solutions:
#   Reduce memory load on the system
#   Increase physical memory or swap space
#   Check if swap backing store is full
#   Decrease Java heap size (-Xmx/-Xms)
#   Decrease number of Java threads
#   Decrease Java thread stack sizes (-Xss)
#   Set larger code cache with -XX:ReservedCodeCacheSize=
#   JVM is running with Unscaled Compressed Oops mode in which the Java heap is
#     placed in the first 4GB address space. The Java Heap base address is the
#     maximum limit for the native heap growth. Please use -XX:HeapBaseMinAddress
#     to set the Java Heap base and to place the Java Heap above 4GB virtual address.
# This output file may be truncated or incomplete.
#
#  Out of Memory Error (allocation.cpp:44), pid=20004, tid=19756
#
# JRE version: OpenJDK Runtime Environment Temurin-21.0.10+7 (21.0.10+7) (build 21.0.10+7-LTS)
# Java VM: OpenJDK 64-Bit Server VM Temurin-21.0.10+7 (21.0.10+7-LTS, mixed mode, sharing, tiered, compressed oops, compressed class ptrs, parallel gc, windows-amd64)
# No core dump will be written. Minidumps are not enabled by default on client versions of Windows
#

---------------  S U M M A R Y ------------

Command Line: --add-modules=ALL-SYSTEM --add-opens=java.base/java.util=ALL-UNNAMED --add-opens=java.base/java.lang=ALL-UNNAMED --add-opens=java.base/sun.nio.fs=ALL-UNNAMED -Declipse.application=org.eclipse.jdt.ls.core.id1 -Dosgi.bundles.defaultStartLevel=4 -Declipse.product=org.eclipse.jdt.ls.core.product -Djava.import.generatesMetadataFilesAtProjectRoot=false -DDetectVMInstallationsJob.disabled=true -Dfile.encoding=utf8 -XX:+UseParallelGC -XX:GCTimeRatio=4 -XX:AdaptiveSizePolicyWeight=90 -Dsun.zip.disableMemoryMapping=true -Xmx2G -Xms100m -Xlog:disable -javaagent:c:\Users\Gerson Ruiz\.vscode\extensions\redhat.java-1.53.0-win32-x64\lombok\lombok-1.18.39-4050.jar -XX:+HeapDumpOnOutOfMemoryError -XX:HeapDumpPath=c:\Users\Gerson Ruiz\AppData\Roaming\Code\User\workspaceStorage\75955001f1426692eb6e2b604dfdcce7\redhat.java -Daether.dependencyCollector.impl=bf c:\Users\Gerson Ruiz\.vscode\extensions\redhat.java-1.53.0-win32-x64\server\plugins\org.eclipse.equinox.launcher_1.7.100.v20251111-0406.jar -configuration c:\Users\Gerson Ruiz\AppData\Roaming\Code\User\globalStorage\redhat.java\1.53.0\config_win -data c:\Users\Gerson Ruiz\AppData\Roaming\Code\User\workspaceStorage\75955001f1426692eb6e2b604dfdcce7\redhat.java\jdt_ws --pipe=\\.\pipe\lsp-84c8c79b6c1c26e54ad7349c9c315cdb-sock

Host: AMD Ryzen 5 5500U with Radeon Graphics         , 12 cores, 7G,  Windows 11 , 64 bit Build 26100 (10.0.26100.7920)
Time: Wed Mar 11 14:31:35 2026 Hora est. Pac璗ico, Sudam廨ica elapsed time: 19508.403039 seconds (0d 5h 25m 8s)

---------------  T H R E A D  ---------------

Current thread (0x000001bd68d20200):  JavaThread "Attach Listener" daemon [_thread_in_vm, id=19756, stack(0x0000008bcc200000,0x0000008bcc300000) (1024K)]

Stack: [0x0000008bcc200000,0x0000008bcc300000]
Native frames: (J=compiled Java code, j=interpreted, Vv=VM code, C=native code)
V  [jvm.dll+0x6d7a39]
V  [jvm.dll+0x8b4b26]
V  [jvm.dll+0x8b70de]
V  [jvm.dll+0x8b77c3]
V  [jvm.dll+0x284346]
V  [jvm.dll+0xc1277]
V  [jvm.dll+0x6d82e9]
V  [jvm.dll+0x1334a6]
V  [jvm.dll+0x3f857e]
V  [jvm.dll+0x85f59d]
V  [jvm.dll+0x6d626d]
C  [ucrtbase.dll+0x37b0]
C  [KERNEL32.DLL+0x2e8d7]
C  [ntdll.dll+0x8c48c]


---------------  P R O C E S S  ---------------

Threads class SMR info:
_java_thread_list=0x000001bd4b0f6f90, length=39, elements={
0x000001bd6677eb70, 0x000001bd68c1d700, 0x000001bd68d16280, 0x000001bd68d1d790,
0x000001bd68d20200, 0x000001bd68d22fe0, 0x000001bd68d23b70, 0x000001bd68d26dd0,
0x000001bd68d29ca0, 0x000001bd41c3d280, 0x000001bd41cf0c80, 0x000001bd475483d0,
0x000001bd47567c30, 0x000001bd474fb590, 0x000001bd41a700a0, 0x000001bd47a65790,
0x000001bd47315bb0, 0x000001bd47f23d60, 0x000001bd4792c270, 0x000001bd4792aec0,
0x000001bd4792c900, 0x000001bd4792cf90, 0x000001bd4792a830, 0x000001bd4792bbe0,
0x000001bd475c8490, 0x000001bd475c9ed0, 0x000001bd475c91b0, 0x000001bd475c9840,
0x000001bd475c7e00, 0x000001bd475ca560, 0x000001bd475c8b20, 0x000001bd475c7770,
0x000001bd475cccc0, 0x000001bd475cc630, 0x000001bd475cd350, 0x000001bd475cb280,
0x000001bd475cb910, 0x000001bd475cd9e0, 0x000001bd47fc24b0
}

Java Threads: ( => current thread )
  0x000001bd6677eb70 JavaThread "main"                              [_thread_blocked, id=3176, stack(0x0000008bcbb00000,0x0000008bcbc00000) (1024K)]
  0x000001bd68c1d700 JavaThread "Reference Handler"          daemon [_thread_blocked, id=20084, stack(0x0000008bcbf00000,0x0000008bcc000000) (1024K)]
  0x000001bd68d16280 JavaThread "Finalizer"                  daemon [_thread_blocked, id=19972, stack(0x0000008bcc000000,0x0000008bcc100000) (1024K)]
  0x000001bd68d1d790 JavaThread "Signal Dispatcher"          daemon [_thread_blocked, id=20056, stack(0x0000008bcc100000,0x0000008bcc200000) (1024K)]
=>0x000001bd68d20200 JavaThread "Attach Listener"            daemon [_thread_in_vm, id=19756, stack(0x0000008bcc200000,0x0000008bcc300000) (1024K)]
  0x000001bd68d22fe0 JavaThread "Service Thread"             daemon [_thread_blocked, id=20080, stack(0x0000008bcc300000,0x0000008bcc400000) (1024K)]
  0x000001bd68d23b70 JavaThread "Monitor Deflation Thread"   daemon [_thread_blocked, id=19848, stack(0x0000008bcc400000,0x0000008bcc500000) (1024K)]
  0x000001bd68d26dd0 JavaThread "C2 CompilerThread0"         daemon [_thread_blocked, id=7068, stack(0x0000008bcc500000,0x0000008bcc600000) (1024K)]
  0x000001bd68d29ca0 JavaThread "C1 CompilerThread0"         daemon [_thread_blocked, id=18976, stack(0x0000008bcc600000,0x0000008bcc700000) (1024K)]
  0x000001bd41c3d280 JavaThread "Common-Cleaner"             daemon [_thread_blocked, id=5596, stack(0x0000008bcc700000,0x0000008bcc800000) (1024K)]
  0x000001bd41cf0c80 JavaThread "Notification Thread"        daemon [_thread_blocked, id=1956, stack(0x0000008bcc800000,0x0000008bcc900000) (1024K)]
  0x000001bd475483d0 JavaThread "Active Thread: Equinox Container: b93de452-e824-4e58-9219-d1281b980e5e"        [_thread_blocked, id=19724, stack(0x0000008bcd000000,0x0000008bcd100000) (1024K)]
  0x000001bd47567c30 JavaThread "Refresh Thread: Equinox Container: b93de452-e824-4e58-9219-d1281b980e5e" daemon [_thread_blocked, id=11324, stack(0x0000008bcd100000,0x0000008bcd200000) (1024K)]
  0x000001bd474fb590 JavaThread "Framework Event Dispatcher: Equinox Container: b93de452-e824-4e58-9219-d1281b980e5e" daemon [_thread_blocked, id=20444, stack(0x0000008bcd200000,0x0000008bcd300000) (1024K)]
  0x000001bd41a700a0 JavaThread "Start Level: Equinox Container: b93de452-e824-4e58-9219-d1281b980e5e" daemon [_thread_blocked, id=20476, stack(0x0000008bcd300000,0x0000008bcd400000) (1024K)]
  0x000001bd47a65790 JavaThread "Bundle File Closer"         daemon [_thread_blocked, id=19812, stack(0x0000008bcd700000,0x0000008bcd800000) (1024K)]
  0x000001bd47315bb0 JavaThread "SCR Component Actor"        daemon [_thread_blocked, id=5368, stack(0x0000008bcd400000,0x0000008bcd500000) (1024K)]
  0x000001bd47f23d60 JavaThread "Worker-JM"                         [_thread_blocked, id=10076, stack(0x0000008bcd900000,0x0000008bcda00000) (1024K)]
  0x000001bd4792c270 JavaThread "JNA Cleaner"                daemon [_thread_blocked, id=20296, stack(0x0000008bcd800000,0x0000008bcd900000) (1024K)]
  0x000001bd4792aec0 JavaThread "Worker-0"                          [_thread_blocked, id=20356, stack(0x0000008bcda00000,0x0000008bcdb00000) (1024K)]
  0x000001bd4792c900 JavaThread "Worker-1"                          [_thread_blocked, id=10312, stack(0x0000008bcdb00000,0x0000008bcdc00000) (1024K)]
  0x000001bd4792cf90 JavaThread "Java indexing"              daemon [_thread_blocked, id=19684, stack(0x0000008bcde00000,0x0000008bcdf00000) (1024K)]
  0x000001bd4792a830 JavaThread "Thread-1"                   daemon [_thread_in_native, id=14212, stack(0x0000008bce400000,0x0000008bce500000) (1024K)]
  0x000001bd4792bbe0 JavaThread "Thread-2"                   daemon [_thread_in_native, id=20112, stack(0x0000008bce500000,0x0000008bce600000) (1024K)]
  0x000001bd475c8490 JavaThread "Thread-3"                   daemon [_thread_in_native, id=14204, stack(0x0000008bce600000,0x0000008bce700000) (1024K)]
  0x000001bd475c9ed0 JavaThread "Thread-4"                   daemon [_thread_in_native, id=14196, stack(0x0000008bce700000,0x0000008bce800000) (1024K)]
  0x000001bd475c91b0 JavaThread "Thread-5"                   daemon [_thread_in_native, id=19980, stack(0x0000008bce800000,0x0000008bce900000) (1024K)]
  0x000001bd475c9840 JavaThread "Thread-6"                   daemon [_thread_in_native, id=5560, stack(0x0000008bce900000,0x0000008bcea00000) (1024K)]
  0x000001bd475c7e00 JavaThread "Thread-7"                   daemon [_thread_in_native, id=20136, stack(0x0000008bcea00000,0x0000008bceb00000) (1024K)]
  0x000001bd475ca560 JavaThread "Thread-8"                   daemon [_thread_in_native, id=20012, stack(0x0000008bceb00000,0x0000008bcec00000) (1024K)]
  0x000001bd475c8b20 JavaThread "Thread-9"                   daemon [_thread_in_native, id=14052, stack(0x0000008bcec00000,0x0000008bced00000) (1024K)]
  0x000001bd475c7770 JavaThread "Thread-10"                  daemon [_thread_in_native, id=13532, stack(0x0000008bced00000,0x0000008bcee00000) (1024K)]
  0x000001bd475cccc0 JavaThread "Thread-11"                  daemon [_thread_in_native, id=10140, stack(0x0000008bcee00000,0x0000008bcef00000) (1024K)]
  0x000001bd475cc630 JavaThread "Thread-12"                  daemon [_thread_in_native, id=17788, stack(0x0000008bcef00000,0x0000008bcf000000) (1024K)]
  0x000001bd475cd350 JavaThread "Thread-13"                  daemon [_thread_in_native, id=14664, stack(0x0000008bcf000000,0x0000008bcf100000) (1024K)]
  0x000001bd475cb280 JavaThread "pool-2-thread-1"                   [_thread_blocked, id=18460, stack(0x0000008bcf100000,0x0000008bcf200000) (1024K)]
  0x000001bd475cb910 JavaThread "WorkspaceEventsHandler"            [_thread_blocked, id=4756, stack(0x0000008bcf200000,0x0000008bcf300000) (1024K)]
  0x000001bd475cd9e0 JavaThread "pool-1-thread-1"                   [_thread_blocked, id=13904, stack(0x0000008bcf300000,0x0000008bcf400000) (1024K)]
  0x000001bd47fc24b0 JavaThread "Cleaner-0"                  daemon [_thread_blocked, id=7768, stack(0x0000008bcdc00000,0x0000008bcdd00000) (1024K)]
Total: 39

Other Threads:
  0x000001bd68c023d0 VMThread "VM Thread"                           [id=19936, stack(0x0000008bcbe00000,0x0000008bcbf00000) (1024K)]
  0x000001bd68afca00 WatcherThread "VM Periodic Task Thread"        [id=19844, stack(0x0000008bcbd00000,0x0000008bcbe00000) (1024K)]
  0x000001bd68c97010 WorkerThread "GC Thread#0"                     [id=15536, stack(0x0000008bcbc00000,0x0000008bcbd00000) (1024K)]
  0x000001bd472122a0 WorkerThread "GC Thread#1"                     [id=19644, stack(0x0000008bcc900000,0x0000008bcca00000) (1024K)]
  0x000001bd47212a60 WorkerThread "GC Thread#2"                     [id=19596, stack(0x0000008bcca00000,0x0000008bccb00000) (1024K)]
  0x000001bd475a5e20 WorkerThread "GC Thread#3"                     [id=19828, stack(0x0000008bccb00000,0x0000008bccc00000) (1024K)]
  0x000001bd475a61d0 WorkerThread "GC Thread#4"                     [id=19700, stack(0x0000008bccc00000,0x0000008bccd00000) (1024K)]
  0x000001bd475a6580 WorkerThread "GC Thread#5"                     [id=19692, stack(0x0000008bccd00000,0x0000008bcce00000) (1024K)]
  0x000001bd47574c70 WorkerThread "GC Thread#6"                     [id=19648, stack(0x0000008bcce00000,0x0000008bccf00000) (1024K)]
  0x000001bd470166d0 WorkerThread "GC Thread#7"                     [id=20060, stack(0x0000008bccf00000,0x0000008bcd000000) (1024K)]
  0x000001bd476d31f0 WorkerThread "GC Thread#8"                     [id=19488, stack(0x0000008bcd500000,0x0000008bcd600000) (1024K)]
  0x000001bd476d35a0 WorkerThread "GC Thread#9"                     [id=17768, stack(0x0000008bcd600000,0x0000008bcd700000) (1024K)]
Total: 12

Threads with active compile tasks:
Total: 0

VM state: not at safepoint (normal execution)

VM Mutex/Monitor currently owned by a thread: None

Heap address: 0x0000000080000000, size: 2048 MB, Compressed Oops mode: 32-bit

CDS archive(s) mapped at: [0x000001bd00000000-0x000001bd00ba0000-0x000001bd00ba0000), size 12189696, SharedBaseAddress: 0x000001bd00000000, ArchiveRelocationMode: 1.
Compressed class space mapped at: 0x000001bd01000000-0x000001bd41000000, reserved size: 1073741824
Narrow klass base: 0x000001bd00000000, Narrow klass shift: 0, Narrow klass range: 0x100000000

GC Precious Log:
 CardTable entry size: 512
 CPUs: 12 total, 12 available
 Memory: 7501M
 Large Page Support: Disabled
 NUMA Support: Disabled
 Compressed Oops: Enabled (32-bit)
 Alignments: Space 512K, Generation 512K, Heap 2M
 Heap Min Capacity: 100M
 Heap Initial Capacity: 100M
 Heap Max Capacity: 2G
 Pre-touch: Disabled
 Parallel Workers: 10

Heap:
 PSYoungGen      total 5120K, used 4616K [0x00000000d5580000, 0x00000000d5c00000, 0x0000000100000000)
  eden space 4608K, 93% used [0x00000000d5580000,0x00000000d59ba1d0,0x00000000d5a00000)
  from space 512K, 56% used [0x00000000d5b00000,0x00000000d5b48000,0x00000000d5b80000)
  to   space 512K, 0% used [0x00000000d5b80000,0x00000000d5b80000,0x00000000d5c00000)
 ParOldGen       total 196608K, used 196183K [0x0000000080000000, 0x000000008c000000, 0x00000000d5580000)
  object space 196608K, 99% used [0x0000000080000000,0x000000008bf95ea8,0x000000008c000000)
 Metaspace       used 74586K, committed 76224K, reserved 1179648K
  class space    used 7911K, committed 8640K, reserved 1048576K

Card table byte_map: [0x000001bd68610000,0x000001bd68a20000] _byte_map_base: 0x000001bd68210000

Marking Bits: (ParMarkBitMap*) 0x00007ffced383450
 Begin Bits: [0x000001bd7b120000, 0x000001bd7d120000)
 End Bits:   [0x000001bd7d120000, 0x000001bd7f120000)

Polling page: 0x000001bd66a20000

Metaspace:

Usage:
  Non-class:     65.11 MB used.
      Class:      7.73 MB used.
       Both:     72.84 MB used.

Virtual space:
  Non-class space:      128.00 MB reserved,      66.00 MB ( 52%) committed,  2 nodes.
      Class space:        1.00 GB reserved,       8.44 MB ( <1%) committed,  1 nodes.
             Both:        1.12 GB reserved,      74.44 MB (  6%) committed. 

Chunk freelists:
   Non-Class:  13.52 MB
       Class:  7.49 MB
        Both:  21.01 MB

MaxMetaspaceSize: unlimited
CompressedClassSpaceSize: 1.00 GB
Initial GC threshold: 21.00 MB
Current GC threshold: 97.31 MB
CDS: on
 - commit_granule_bytes: 65536.
 - commit_granule_words: 8192.
 - virtual_space_node_default_size: 8388608.
 - enlarge_chunks_in_place: 1.
 - use_allocation_guard: 0.


Internal statistics:

num_allocs_failed_limit: 9.
num_arena_births: 1426.
num_arena_deaths: 14.
num_vsnodes_births: 3.
num_vsnodes_deaths: 0.
num_space_committed: 1191.
num_space_uncommitted: 0.
num_chunks_returned_to_freelist: 23.
num_chunks_taken_from_freelist: 4840.
num_chunk_merges: 12.
num_chunk_splits: 2933.
num_chunks_enlarged: 1628.
num_inconsistent_stats: 0.

CodeHeap 'non-profiled nmethods': size=120000Kb used=9254Kb max_used=9254Kb free=110745Kb
 bounds [0x000001bd73940000, 0x000001bd74250000, 0x000001bd7ae70000]
CodeHeap 'profiled nmethods': size=120000Kb used=29609Kb max_used=29609Kb free=90390Kb
 bounds [0x000001bd6be70000, 0x000001bd6db60000, 0x000001bd733a0000]
CodeHeap 'non-nmethods': size=5760Kb used=1494Kb max_used=1544Kb free=4265Kb
 bounds [0x000001bd733a0000, 0x000001bd73610000, 0x000001bd73940000]
CodeCache: size=245760Kb, used=40357Kb, max_used=40407Kb, free=205400Kb
 total_blobs=13731, nmethods=12918, adapters=718, full_count=0
Compilation: enabled, stopped_count=0, restarted_count=0

Compilation events (20 events):
Event: 10803.228 Thread 0x000001bd68d29ca0 13702       3       java.util.logging.LogManager::getLogger (9 bytes)
Event: 10803.228 Thread 0x000001bd68d29ca0 nmethod 13702 0x000001bd6db55390 code [0x000001bd6db55540, 0x000001bd6db55750]
Event: 13270.643 Thread 0x000001bd68d26dd0 13703   !   4       java.util.concurrent.locks.AbstractQueuedSynchronizer::acquire (424 bytes)
Event: 13270.751 Thread 0x000001bd68d26dd0 nmethod 13703 0x000001bd74241110 code [0x000001bd742413a0, 0x000001bd742424f8]
Event: 13277.560 Thread 0x000001bd68d29ca0 13704       1       org.eclipse.core.internal.jobs.InternalJob::setThread (6 bytes)
Event: 13277.561 Thread 0x000001bd68d29ca0 nmethod 13704 0x000001bd74243010 code [0x000001bd742431a0, 0x000001bd74243288]
Event: 13280.644 Thread 0x000001bd68d26dd0 13705   !   4       java.util.concurrent.locks.LockSupport::parkNanos (56 bytes)
Event: 13280.645 Thread 0x000001bd68d26dd0 nmethod 13705 0x000001bd74243310 code [0x000001bd742434c0, 0x000001bd74243638]
Event: 13730.444 Thread 0x000001bd68d29ca0 13707   !   3       org.eclipse.osgi.storage.Storage::save0 (246 bytes)
Event: 13730.492 Thread 0x000001bd68d29ca0 nmethod 13707 0x000001bd6db55890 code [0x000001bd6db55da0, 0x000001bd6db58988]
Event: 13730.492 Thread 0x000001bd68d29ca0 13706   !   3       org.eclipse.osgi.storage.Storage::save (62 bytes)
Event: 13730.497 Thread 0x000001bd68d29ca0 nmethod 13706 0x000001bd6db59f10 code [0x000001bd6db5a0e0, 0x000001bd6db5a430]
Event: 16799.773 Thread 0x000001bd68d29ca0 13708       1       org.eclipse.core.internal.jobs.InternalJob::setProgressMonitor (6 bytes)
Event: 16799.779 Thread 0x000001bd68d29ca0 nmethod 13708 0x000001bd74243790 code [0x000001bd74243920, 0x000001bd74243a08]
Event: 17162.652 Thread 0x000001bd68d26dd0 13709       4       java.util.concurrent.ScheduledThreadPoolExecutor::canRunInCurrentRunState (61 bytes)
Event: 17162.673 Thread 0x000001bd68d26dd0 nmethod 13709 0x000001bd74243a90 code [0x000001bd74243c20, 0x000001bd74243ce8]
Event: 18003.070 Thread 0x000001bd68d26dd0 13710       4       java.util.concurrent.TimeUnit::convert (73 bytes)
Event: 18003.087 Thread 0x000001bd68d26dd0 nmethod 13710 0x000001bd74243e10 code [0x000001bd74243fc0, 0x000001bd74244150]
Event: 19499.930 Thread 0x000001bd68d26dd0 13711       4       org.eclipse.core.internal.dtree.DataTreeNode::storeStrings (28 bytes)
Event: 19500.211 Thread 0x000001bd68d26dd0 nmethod 13711 0x000001bd74244290 code [0x000001bd742447a0, 0x000001bd74247cf8]

GC Heap History (20 events):
Event: 229.483 GC heap before
{Heap before GC invocations=253 (full 3):
 PSYoungGen      total 5120K, used 4864K [0x00000000d5580000, 0x00000000d5c00000, 0x0000000100000000)
  eden space 4608K, 100% used [0x00000000d5580000,0x00000000d5a00000,0x00000000d5a00000)
  from space 512K, 50% used [0x00000000d5b00000,0x00000000d5b40000,0x00000000d5b80000)
  to   space 512K, 0% used [0x00000000d5b80000,0x00000000d5b80000,0x00000000d5c00000)
 ParOldGen       total 196096K, used 195695K [0x0000000080000000, 0x000000008bf80000, 0x00000000d5580000)
  object space 196096K, 99% used [0x0000000080000000,0x000000008bf1bea8,0x000000008bf80000)
 Metaspace       used 74090K, committed 75648K, reserved 1179648K
  class space    used 7896K, committed 8576K, reserved 1048576K
}
Event: 229.489 GC heap after
{Heap after GC invocations=253 (full 3):
 PSYoungGen      total 5120K, used 256K [0x00000000d5580000, 0x00000000d5c00000, 0x0000000100000000)
  eden space 4608K, 0% used [0x00000000d5580000,0x00000000d5580000,0x00000000d5a00000)
  from space 512K, 50% used [0x00000000d5b80000,0x00000000d5bc0000,0x00000000d5c00000)
  to   space 512K, 0% used [0x00000000d5b00000,0x00000000d5b00000,0x00000000d5b80000)
 ParOldGen       total 196096K, used 195743K [0x0000000080000000, 0x000000008bf80000, 0x00000000d5580000)
  object space 196096K, 99% used [0x0000000080000000,0x000000008bf27ea8,0x000000008bf80000)
 Metaspace       used 74090K, committed 75648K, reserved 1179648K
  class space    used 7896K, committed 8576K, reserved 1048576K
}
Event: 269.819 GC heap before
{Heap before GC invocations=254 (full 3):
 PSYoungGen      total 5120K, used 4864K [0x00000000d5580000, 0x00000000d5c00000, 0x0000000100000000)
  eden space 4608K, 100% used [0x00000000d5580000,0x00000000d5a00000,0x00000000d5a00000)
  from space 512K, 50% used [0x00000000d5b80000,0x00000000d5bc0000,0x00000000d5c00000)
  to   space 512K, 0% used [0x00000000d5b00000,0x00000000d5b00000,0x00000000d5b80000)
 ParOldGen       total 196096K, used 195743K [0x0000000080000000, 0x000000008bf80000, 0x00000000d5580000)
  object space 196096K, 99% used [0x0000000080000000,0x000000008bf27ea8,0x000000008bf80000)
 Metaspace       used 74148K, committed 75712K, reserved 1179648K
  class space    used 7902K, committed 8576K, reserved 1048576K
}
Event: 269.826 GC heap after
{Heap after GC invocations=254 (full 3):
 PSYoungGen      total 5120K, used 256K [0x00000000d5580000, 0x00000000d5c00000, 0x0000000100000000)
  eden space 4608K, 0% used [0x00000000d5580000,0x00000000d5580000,0x00000000d5a00000)
  from space 512K, 50% used [0x00000000d5b00000,0x00000000d5b40000,0x00000000d5b80000)
  to   space 512K, 0% used [0x00000000d5b80000,0x00000000d5b80000,0x00000000d5c00000)
 ParOldGen       total 196096K, used 195791K [0x0000000080000000, 0x000000008bf80000, 0x00000000d5580000)
  object space 196096K, 99% used [0x0000000080000000,0x000000008bf33ea8,0x000000008bf80000)
 Metaspace       used 74148K, committed 75712K, reserved 1179648K
  class space    used 7902K, committed 8576K, reserved 1048576K
}
Event: 314.378 GC heap before
{Heap before GC invocations=255 (full 3):
 PSYoungGen      total 5120K, used 4863K [0x00000000d5580000, 0x00000000d5c00000, 0x0000000100000000)
  eden space 4608K, 99% used [0x00000000d5580000,0x00000000d59ffff8,0x00000000d5a00000)
  from space 512K, 50% used [0x00000000d5b00000,0x00000000d5b40000,0x00000000d5b80000)
  to   space 512K, 0% used [0x00000000d5b80000,0x00000000d5b80000,0x00000000d5c00000)
 ParOldGen       total 196096K, used 195791K [0x0000000080000000, 0x000000008bf80000, 0x00000000d5580000)
  object space 196096K, 99% used [0x0000000080000000,0x000000008bf33ea8,0x000000008bf80000)
 Metaspace       used 74199K, committed 75776K, reserved 1179648K
  class space    used 7902K, committed 8576K, reserved 1048576K
}
Event: 314.383 GC heap after
{Heap after GC invocations=255 (full 3):
 PSYoungGen      total 5120K, used 288K [0x00000000d5580000, 0x00000000d5c00000, 0x0000000100000000)
  eden space 4608K, 0% used [0x00000000d5580000,0x00000000d5580000,0x00000000d5a00000)
  from space 512K, 56% used [0x00000000d5b80000,0x00000000d5bc8000,0x00000000d5c00000)
  to   space 512K, 0% used [0x00000000d5b00000,0x00000000d5b00000,0x00000000d5b80000)
 ParOldGen       total 196096K, used 195847K [0x0000000080000000, 0x000000008bf80000, 0x00000000d5580000)
  object space 196096K, 99% used [0x0000000080000000,0x000000008bf41ea8,0x000000008bf80000)
 Metaspace       used 74199K, committed 75776K, reserved 1179648K
  class space    used 7902K, committed 8576K, reserved 1048576K
}
Event: 325.795 GC heap before
{Heap before GC invocations=256 (full 3):
 PSYoungGen      total 5120K, used 4896K [0x00000000d5580000, 0x00000000d5c00000, 0x0000000100000000)
  eden space 4608K, 100% used [0x00000000d5580000,0x00000000d5a00000,0x00000000d5a00000)
  from space 512K, 56% used [0x00000000d5b80000,0x00000000d5bc8000,0x00000000d5c00000)
  to   space 512K, 0% used [0x00000000d5b00000,0x00000000d5b00000,0x00000000d5b80000)
 ParOldGen       total 196096K, used 195847K [0x0000000080000000, 0x000000008bf80000, 0x00000000d5580000)
  object space 196096K, 99% used [0x0000000080000000,0x000000008bf41ea8,0x000000008bf80000)
 Metaspace       used 74246K, committed 75840K, reserved 1179648K
  class space    used 7906K, committed 8576K, reserved 1048576K
}
Event: 325.797 GC heap after
{Heap after GC invocations=256 (full 3):
 PSYoungGen      total 5120K, used 288K [0x00000000d5580000, 0x00000000d5c00000, 0x0000000100000000)
  eden space 4608K, 0% used [0x00000000d5580000,0x00000000d5580000,0x00000000d5a00000)
  from space 512K, 56% used [0x00000000d5b00000,0x00000000d5b48000,0x00000000d5b80000)
  to   space 512K, 0% used [0x00000000d5b80000,0x00000000d5b80000,0x00000000d5c00000)
 ParOldGen       total 196096K, used 195903K [0x0000000080000000, 0x000000008bf80000, 0x00000000d5580000)
  object space 196096K, 99% used [0x0000000080000000,0x000000008bf4fea8,0x000000008bf80000)
 Metaspace       used 74246K, committed 75840K, reserved 1179648K
  class space    used 7906K, committed 8576K, reserved 1048576K
}
Event: 367.928 GC heap before
{Heap before GC invocations=257 (full 3):
 PSYoungGen      total 5120K, used 4896K [0x00000000d5580000, 0x00000000d5c00000, 0x0000000100000000)
  eden space 4608K, 100% used [0x00000000d5580000,0x00000000d5a00000,0x00000000d5a00000)
  from space 512K, 56% used [0x00000000d5b00000,0x00000000d5b48000,0x00000000d5b80000)
  to   space 512K, 0% used [0x00000000d5b80000,0x00000000d5b80000,0x00000000d5c00000)
 ParOldGen       total 196096K, used 195903K [0x0000000080000000, 0x000000008bf80000, 0x00000000d5580000)
  object space 196096K, 99% used [0x0000000080000000,0x000000008bf4fea8,0x000000008bf80000)
 Metaspace       used 74301K, committed 75968K, reserved 1179648K
  class space    used 7911K, committed 8640K, reserved 1048576K
}
Event: 367.940 GC heap after
{Heap after GC invocations=257 (full 3):
 PSYoungGen      total 5120K, used 192K [0x00000000d5580000, 0x00000000d5c00000, 0x0000000100000000)
  eden space 4608K, 0% used [0x00000000d5580000,0x00000000d5580000,0x00000000d5a00000)
  from space 512K, 37% used [0x00000000d5b80000,0x00000000d5bb0000,0x00000000d5c00000)
  to   space 512K, 0% used [0x00000000d5b00000,0x00000000d5b00000,0x00000000d5b80000)
 ParOldGen       total 196096K, used 195943K [0x0000000080000000, 0x000000008bf80000, 0x00000000d5580000)
  object space 196096K, 99% used [0x0000000080000000,0x000000008bf59ea8,0x000000008bf80000)
 Metaspace       used 74301K, committed 75968K, reserved 1179648K
  class space    used 7911K, committed 8640K, reserved 1048576K
}
Event: 410.246 GC heap before
{Heap before GC invocations=258 (full 3):
 PSYoungGen      total 5120K, used 4800K [0x00000000d5580000, 0x00000000d5c00000, 0x0000000100000000)
  eden space 4608K, 100% used [0x00000000d5580000,0x00000000d5a00000,0x00000000d5a00000)
  from space 512K, 37% used [0x00000000d5b80000,0x00000000d5bb0000,0x00000000d5c00000)
  to   space 512K, 0% used [0x00000000d5b00000,0x00000000d5b00000,0x00000000d5b80000)
 ParOldGen       total 196096K, used 195943K [0x0000000080000000, 0x000000008bf80000, 0x00000000d5580000)
  object space 196096K, 99% used [0x0000000080000000,0x000000008bf59ea8,0x000000008bf80000)
 Metaspace       used 74320K, committed 75968K, reserved 1179648K
  class space    used 7911K, committed 8640K, reserved 1048576K
}
Event: 410.250 GC heap after
{Heap after GC invocations=258 (full 3):
 PSYoungGen      total 5120K, used 320K [0x00000000d5580000, 0x00000000d5c00000, 0x0000000100000000)
  eden space 4608K, 0% used [0x00000000d5580000,0x00000000d5580000,0x00000000d5a00000)
  from space 512K, 62% used [0x00000000d5b00000,0x00000000d5b50000,0x00000000d5b80000)
  to   space 512K, 0% used [0x00000000d5b80000,0x00000000d5b80000,0x00000000d5c00000)
 ParOldGen       total 196096K, used 195991K [0x0000000080000000, 0x000000008bf80000, 0x00000000d5580000)
  object space 196096K, 99% used [0x0000000080000000,0x000000008bf65ea8,0x000000008bf80000)
 Metaspace       used 74320K, committed 75968K, reserved 1179648K
  class space    used 7911K, committed 8640K, reserved 1048576K
}
Event: 414.555 GC heap before
{Heap before GC invocations=259 (full 3):
 PSYoungGen      total 5120K, used 4928K [0x00000000d5580000, 0x00000000d5c00000, 0x0000000100000000)
  eden space 4608K, 100% used [0x00000000d5580000,0x00000000d5a00000,0x00000000d5a00000)
  from space 512K, 62% used [0x00000000d5b00000,0x00000000d5b50000,0x00000000d5b80000)
  to   space 512K, 0% used [0x00000000d5b80000,0x00000000d5b80000,0x00000000d5c00000)
 ParOldGen       total 196096K, used 195991K [0x0000000080000000, 0x000000008bf80000, 0x00000000d5580000)
  object space 196096K, 99% used [0x0000000080000000,0x000000008bf65ea8,0x000000008bf80000)
 Metaspace       used 74346K, committed 76032K, reserved 1179648K
  class space    used 7911K, committed 8640K, reserved 1048576K
}
Event: 414.559 GC heap after
{Heap after GC invocations=259 (full 3):
 PSYoungGen      total 5120K, used 288K [0x00000000d5580000, 0x00000000d5c00000, 0x0000000100000000)
  eden space 4608K, 0% used [0x00000000d5580000,0x00000000d5580000,0x00000000d5a00000)
  from space 512K, 56% used [0x00000000d5b80000,0x00000000d5bc8000,0x00000000d5c00000)
  to   space 512K, 0% used [0x00000000d5b00000,0x00000000d5b00000,0x00000000d5b80000)
 ParOldGen       total 196096K, used 196047K [0x0000000080000000, 0x000000008bf80000, 0x00000000d5580000)
  object space 196096K, 99% used [0x0000000080000000,0x000000008bf73ea8,0x000000008bf80000)
 Metaspace       used 74346K, committed 76032K, reserved 1179648K
  class space    used 7911K, committed 8640K, reserved 1048576K
}
Event: 458.457 GC heap before
{Heap before GC invocations=260 (full 3):
 PSYoungGen      total 5120K, used 4896K [0x00000000d5580000, 0x00000000d5c00000, 0x0000000100000000)
  eden space 4608K, 100% used [0x00000000d5580000,0x00000000d5a00000,0x00000000d5a00000)
  from space 512K, 56% used [0x00000000d5b80000,0x00000000d5bc8000,0x00000000d5c00000)
  to   space 512K, 0% used [0x00000000d5b00000,0x00000000d5b00000,0x00000000d5b80000)
 ParOldGen       total 196096K, used 196047K [0x0000000080000000, 0x000000008bf80000, 0x00000000d5580000)
  object space 196096K, 99% used [0x0000000080000000,0x000000008bf73ea8,0x000000008bf80000)
 Metaspace       used 74382K, committed 76032K, reserved 1179648K
  class space    used 7911K, committed 8640K, reserved 1048576K
}
Event: 458.460 GC heap after
{Heap after GC invocations=260 (full 3):
 PSYoungGen      total 5120K, used 256K [0x00000000d5580000, 0x00000000d5c00000, 0x0000000100000000)
  eden space 4608K, 0% used [0x00000000d5580000,0x00000000d5580000,0x00000000d5a00000)
  from space 512K, 50% used [0x00000000d5b00000,0x00000000d5b40000,0x00000000d5b80000)
  to   space 512K, 0% used [0x00000000d5b80000,0x00000000d5b80000,0x00000000d5c00000)
 ParOldGen       total 196096K, used 196095K [0x0000000080000000, 0x000000008bf80000, 0x00000000d5580000)
  object space 196096K, 99% used [0x0000000080000000,0x000000008bf7fea8,0x000000008bf80000)
 Metaspace       used 74382K, committed 76032K, reserved 1179648K
  class space    used 7911K, committed 8640K, reserved 1048576K
}
Event: 499.028 GC heap before
{Heap before GC invocations=261 (full 3):
 PSYoungGen      total 5120K, used 4864K [0x00000000d5580000, 0x00000000d5c00000, 0x0000000100000000)
  eden space 4608K, 100% used [0x00000000d5580000,0x00000000d5a00000,0x00000000d5a00000)
  from space 512K, 50% used [0x00000000d5b00000,0x00000000d5b40000,0x00000000d5b80000)
  to   space 512K, 0% used [0x00000000d5b80000,0x00000000d5b80000,0x00000000d5c00000)
 ParOldGen       total 196096K, used 196095K [0x0000000080000000, 0x000000008bf80000, 0x00000000d5580000)
  object space 196096K, 99% used [0x0000000080000000,0x000000008bf7fea8,0x000000008bf80000)
 Metaspace       used 74400K, committed 76032K, reserved 1179648K
  class space    used 7911K, committed 8640K, reserved 1048576K
}
Event: 499.030 GC heap after
{Heap after GC invocations=261 (full 3):
 PSYoungGen      total 5120K, used 288K [0x00000000d5580000, 0x00000000d5c00000, 0x0000000100000000)
  eden space 4608K, 0% used [0x00000000d5580000,0x00000000d5580000,0x00000000d5a00000)
  from space 512K, 56% used [0x00000000d5b80000,0x00000000d5bc8000,0x00000000d5c00000)
  to   space 512K, 0% used [0x00000000d5b00000,0x00000000d5b00000,0x00000000d5b80000)
 ParOldGen       total 196608K, used 196151K [0x0000000080000000, 0x000000008c000000, 0x00000000d5580000)
  object space 196608K, 99% used [0x0000000080000000,0x000000008bf8dea8,0x000000008c000000)
 Metaspace       used 74400K, committed 76032K, reserved 1179648K
  class space    used 7911K, committed 8640K, reserved 1048576K
}
Event: 543.461 GC heap before
{Heap before GC invocations=262 (full 3):
 PSYoungGen      total 5120K, used 4896K [0x00000000d5580000, 0x00000000d5c00000, 0x0000000100000000)
  eden space 4608K, 100% used [0x00000000d5580000,0x00000000d5a00000,0x00000000d5a00000)
  from space 512K, 56% used [0x00000000d5b80000,0x00000000d5bc8000,0x00000000d5c00000)
  to   space 512K, 0% used [0x00000000d5b00000,0x00000000d5b00000,0x00000000d5b80000)
 ParOldGen       total 196608K, used 196151K [0x0000000080000000, 0x000000008c000000, 0x00000000d5580000)
  object space 196608K, 99% used [0x0000000080000000,0x000000008bf8dea8,0x000000008c000000)
 Metaspace       used 74463K, committed 76096K, reserved 1179648K
  class space    used 7911K, committed 8640K, reserved 1048576K
}
Event: 543.463 GC heap after
{Heap after GC invocations=262 (full 3):
 PSYoungGen      total 5120K, used 288K [0x00000000d5580000, 0x00000000d5c00000, 0x0000000100000000)
  eden space 4608K, 0% used [0x00000000d5580000,0x00000000d5580000,0x00000000d5a00000)
  from space 512K, 56% used [0x00000000d5b00000,0x00000000d5b48000,0x00000000d5b80000)
  to   space 512K, 0% used [0x00000000d5b80000,0x00000000d5b80000,0x00000000d5c00000)
 ParOldGen       total 196608K, used 196183K [0x0000000080000000, 0x000000008c000000, 0x00000000d5580000)
  object space 196608K, 99% used [0x0000000080000000,0x000000008bf95ea8,0x000000008c000000)
 Metaspace       used 74463K, committed 76096K, reserved 1179648K
  class space    used 7911K, committed 8640K, reserved 1048576K
}

Dll operation events (12 events):
Event: 0.021 Loaded shared library c:\Users\Gerson Ruiz\.vscode\extensions\redhat.java-1.53.0-win32-x64\jre\21.0.10-win32-x86_64\bin\java.dll
Event: 0.143 Loaded shared library c:\Users\Gerson Ruiz\.vscode\extensions\redhat.java-1.53.0-win32-x64\jre\21.0.10-win32-x86_64\bin\zip.dll
Event: 0.177 Loaded shared library C:\Users\Gerson Ruiz\.vscode\extensions\redhat.java-1.53.0-win32-x64\jre\21.0.10-win32-x86_64\bin\instrument.dll
Event: 0.300 Loaded shared library C:\Users\Gerson Ruiz\.vscode\extensions\redhat.java-1.53.0-win32-x64\jre\21.0.10-win32-x86_64\bin\net.dll
Event: 0.441 Loaded shared library C:\Users\Gerson Ruiz\.vscode\extensions\redhat.java-1.53.0-win32-x64\jre\21.0.10-win32-x86_64\bin\nio.dll
Event: 0.450 Loaded shared library C:\Users\Gerson Ruiz\.vscode\extensions\redhat.java-1.53.0-win32-x64\jre\21.0.10-win32-x86_64\bin\zip.dll
Event: 0.507 Loaded shared library C:\Users\Gerson Ruiz\.vscode\extensions\redhat.java-1.53.0-win32-x64\jre\21.0.10-win32-x86_64\bin\jimage.dll
Event: 0.796 Loaded shared library c:\Users\Gerson Ruiz\.vscode\extensions\redhat.java-1.53.0-win32-x64\jre\21.0.10-win32-x86_64\bin\verify.dll
Event: 14.121 Loaded shared library C:\Users\Gerson Ruiz\AppData\Roaming\Code\User\globalStorage\redhat.java\1.53.0\config_win\org.eclipse.equinox.launcher\org.eclipse.equinox.launcher.win32.win32.x86_64_1.3.0.v20260203-2149\eclipse_11919.dll
Event: 30.515 Loaded shared library C:\Users\Gerson Ruiz\AppData\Local\Temp\jna--740873446\jna4815546736122065281.dll
Event: 33.218 Loaded shared library C:\Users\Gerson Ruiz\.vscode\extensions\redhat.java-1.53.0-win32-x64\jre\21.0.10-win32-x86_64\bin\sunmscapi.dll
Event: 34.148 Loaded shared library C:\Users\Gerson Ruiz\.vscode\extensions\redhat.java-1.53.0-win32-x64\jre\21.0.10-win32-x86_64\bin\extnet.dll

Deoptimization events (20 events):
Event: 503.121 Thread 0x000001bd475ce700 DEOPT PACKING pc=0x000001bd7422d5a8 sp=0x0000008bcf9fe820
Event: 503.121 Thread 0x000001bd475ce700 DEOPT UNPACKING pc=0x000001bd733f3aa2 sp=0x0000008bcf9fe788 mode 2
Event: 543.700 Thread 0x000001bd47fc1790 DEOPT PACKING pc=0x000001bd6c0bb3cd sp=0x0000008bcfefe5d0
Event: 543.700 Thread 0x000001bd47fc1790 DEOPT UNPACKING pc=0x000001bd733f4242 sp=0x0000008bcfefda30 mode 0
Event: 543.726 Thread 0x000001bd47fc1790 Uncommon trap: trap_request=0xffffffbe fr.pc=0x000001bd74239634 relative=0x0000000000000294
Event: 543.726 Thread 0x000001bd47fc1790 Uncommon trap: reason=profile_predicate action=maybe_recompile pc=0x000001bd74239634 method=sun.security.provider.HashDrbg.addBytes([BI[[B)V @ 36 c2
Event: 543.726 Thread 0x000001bd47fc1790 DEOPT PACKING pc=0x000001bd74239634 sp=0x0000008bcfefe980
Event: 543.726 Thread 0x000001bd47fc1790 DEOPT UNPACKING pc=0x000001bd733f3aa2 sp=0x0000008bcfefe8d0 mode 2
Event: 543.731 Thread 0x000001bd47fc1790 Uncommon trap: trap_request=0xffffffbe fr.pc=0x000001bd74239634 relative=0x0000000000000294
Event: 543.731 Thread 0x000001bd47fc1790 Uncommon trap: reason=profile_predicate action=maybe_recompile pc=0x000001bd74239634 method=sun.security.provider.HashDrbg.addBytes([BI[[B)V @ 36 c2
Event: 543.731 Thread 0x000001bd47fc1790 DEOPT PACKING pc=0x000001bd74239634 sp=0x0000008bcfefe990
Event: 543.731 Thread 0x000001bd47fc1790 DEOPT UNPACKING pc=0x000001bd733f3aa2 sp=0x0000008bcfefe8e0 mode 2
Event: 1230.763 Thread 0x000001bd4792c900 Uncommon trap: trap_request=0xffffffbe fr.pc=0x000001bd74239634 relative=0x0000000000000294
Event: 1230.763 Thread 0x000001bd4792c900 Uncommon trap: reason=profile_predicate action=maybe_recompile pc=0x000001bd74239634 method=sun.security.provider.HashDrbg.addBytes([BI[[B)V @ 36 c2
Event: 1230.763 Thread 0x000001bd4792c900 DEOPT PACKING pc=0x000001bd74239634 sp=0x0000008bcdbfe9d0
Event: 1230.764 Thread 0x000001bd4792c900 DEOPT UNPACKING pc=0x000001bd733f3aa2 sp=0x0000008bcdbfe920 mode 2
Event: 1230.774 Thread 0x000001bd4792c900 Uncommon trap: trap_request=0xffffffbe fr.pc=0x000001bd74239634 relative=0x0000000000000294
Event: 1230.774 Thread 0x000001bd4792c900 Uncommon trap: reason=profile_predicate action=maybe_recompile pc=0x000001bd74239634 method=sun.security.provider.HashDrbg.addBytes([BI[[B)V @ 36 c2
Event: 1230.774 Thread 0x000001bd4792c900 DEOPT PACKING pc=0x000001bd74239634 sp=0x0000008bcdbfec00
Event: 1230.774 Thread 0x000001bd4792c900 DEOPT UNPACKING pc=0x000001bd733f3aa2 sp=0x0000008bcdbfeb50 mode 2

Classes loaded (20 events):
Event: 60.710 Loading class java/util/stream/DistinctOps$1$2
Event: 60.710 Loading class java/util/stream/DistinctOps$1$2 done
Event: 60.997 Loading class java/util/AbstractList$RandomAccessSubList
Event: 60.998 Loading class java/util/AbstractList$SubList
Event: 60.999 Loading class java/util/AbstractList$SubList done
Event: 60.999 Loading class java/util/AbstractList$RandomAccessSubList done
Event: 60.999 Loading class java/util/AbstractList$SubList$1
Event: 60.999 Loading class java/util/AbstractList$SubList$1 done
Event: 61.023 Loading class java/util/stream/ReduceOps$5
Event: 61.025 Loading class java/util/stream/ReduceOps$5 done
Event: 61.025 Loading class java/util/stream/ReduceOps$CountingSink$OfRef
Event: 61.029 Loading class java/util/stream/ReduceOps$CountingSink
Event: 61.030 Loading class java/util/stream/ReduceOps$CountingSink done
Event: 61.030 Loading class java/util/stream/ReduceOps$CountingSink$OfRef done
Event: 61.327 Loading class java/util/stream/ReduceOps$1
Event: 61.327 Loading class java/util/stream/ReduceOps$1 done
Event: 61.327 Loading class java/util/stream/ReduceOps$1ReducingSink
Event: 61.329 Loading class java/util/stream/ReduceOps$1ReducingSink done
Event: 62.539 Loading class jdk/internal/ref/CleanerImpl$InnocuousThreadFactory
Event: 62.541 Loading class jdk/internal/ref/CleanerImpl$InnocuousThreadFactory done

Classes unloaded (7 events):
Event: 31.313 Thread 0x000001bd68c023d0 Unloading class 0x000001bd011a8c00 'java/lang/invoke/LambdaForm$MH+0x000001bd011a8c00'
Event: 31.313 Thread 0x000001bd68c023d0 Unloading class 0x000001bd011a8800 'java/lang/invoke/LambdaForm$MH+0x000001bd011a8800'
Event: 31.313 Thread 0x000001bd68c023d0 Unloading class 0x000001bd011a8400 'java/lang/invoke/LambdaForm$MH+0x000001bd011a8400'
Event: 31.313 Thread 0x000001bd68c023d0 Unloading class 0x000001bd011a8000 'java/lang/invoke/LambdaForm$MH+0x000001bd011a8000'
Event: 31.313 Thread 0x000001bd68c023d0 Unloading class 0x000001bd011a7c00 'java/lang/invoke/LambdaForm$BMH+0x000001bd011a7c00'
Event: 31.313 Thread 0x000001bd68c023d0 Unloading class 0x000001bd011a7800 'java/lang/invoke/LambdaForm$DMH+0x000001bd011a7800'
Event: 31.313 Thread 0x000001bd68c023d0 Unloading class 0x000001bd011a6400 'java/lang/invoke/LambdaForm$DMH+0x000001bd011a6400'

Classes redefined (0 events):
No events

Internal exceptions (20 events):
Event: 61.029 Thread 0x000001bd47fc1e20 Exception <a 'java/lang/LinkageError'{0x00000000d5725268}: loader lombok.launch.ShadowClassLoader @3cb94e78 attempted duplicate class definition for lombok.launch.PatchFixesHider$Val. (lombok.launch.PatchFixesHider$Val is in unnamed module of loader lombok.launch.ShadowClassLoader @3cb94e78, parent loader org.eclipse.osgi.internal.loader.EquinoxClassLoader @51d92eea)> (0x00000000d5725268) 
thrown [s\src\hotspot\share\classfile\systemDictionary.cpp, line 1672]
Event: 61.033 Thread 0x000001bd4792a1a0 Exception <a 'sun/nio/fs/WindowsException'{0x00000000d5759d18}> (0x00000000d5759d18) 
thrown [s\src\hotspot\share\prims\jni.cpp, line 520]
Event: 61.033 Thread 0x000001bd4792a1a0 Exception <a 'sun/nio/fs/WindowsException'{0x00000000d575a250}> (0x00000000d575a250) 
thrown [s\src\hotspot\share\prims\jni.cpp, line 520]
Event: 61.112 Thread 0x000001bd4792c900 Exception <a 'java/lang/NoSuchMethodError'{0x00000000d5a13b30}: 'void java.lang.invoke.DirectMethodHandle$Holder.invokeStatic(java.lang.Object, int, java.lang.Object)'> (0x00000000d5a13b30) 
thrown [s\src\hotspot\share\interpreter\linkResolver.cpp, line 773]
Event: 61.112 Thread 0x000001bd47fc1e20 Exception <a 'java/lang/NoSuchMethodError'{0x00000000d5a0a820}: 'void java.lang.invoke.DirectMethodHandle$Holder.invokeStatic(java.lang.Object, int, java.lang.Object)'> (0x00000000d5a0a820) 
thrown [s\src\hotspot\share\interpreter\linkResolver.cpp, line 773]
Event: 61.265 Thread 0x000001bd4792c900 Exception <a 'java/io/FileNotFoundException'{0x00000000d599f378}> (0x00000000d599f378) 
thrown [s\src\hotspot\share\prims\jni.cpp, line 520]
Event: 61.266 Thread 0x000001bd4792c900 Exception <a 'java/io/FileNotFoundException'{0x00000000d59a04c8}> (0x00000000d59a04c8) 
thrown [s\src\hotspot\share\prims\jni.cpp, line 520]
Event: 61.266 Thread 0x000001bd4792c900 Exception <a 'java/io/FileNotFoundException'{0x00000000d59a1368}> (0x00000000d59a1368) 
thrown [s\src\hotspot\share\prims\jni.cpp, line 520]
Event: 61.527 Thread 0x000001bd4792a1a0 Exception <a 'java/lang/NoSuchMethodError'{0x00000000d5aaee58}: 'void java.lang.invoke.DelegatingMethodHandle$Holder.reinvoke_L(java.lang.Object, java.lang.Object, java.lang.Object, int, java.lang.Object, int, int)'> (0x00000000d5aaee58) 
thrown [s\src\hotspot\share\interpreter\linkResolver.cpp, line 773]
Event: 61.560 Thread 0x000001bd4792c900 Implicit null exception at 0x000001bd7406474f to 0x000001bd740648ac
Event: 61.791 Thread 0x000001bd4792a1a0 Exception <a 'java/lang/NoSuchMethodError'{0x00000000d5895e50}: 'java.lang.Object java.lang.invoke.DirectMethodHandle$Holder.invokeStatic(java.lang.Object, java.lang.Object, int, java.lang.Object)'> (0x00000000d5895e50) 
thrown [s\src\hotspot\share\interpreter\linkResolver.cpp, line 773]
Event: 61.792 Thread 0x000001bd4792a1a0 Exception <a 'java/lang/NoSuchMethodError'{0x00000000d58da228}: 'java.lang.Object java.lang.invoke.DirectMethodHandle$Holder.newInvokeSpecial(java.lang.Object, java.lang.Object, int)'> (0x00000000d58da228) 
thrown [s\src\hotspot\share\interpreter\linkResolver.cpp, line 773]
Event: 62.791 Thread 0x000001bd47fc1790 Exception <a 'java/lang/NoSuchMethodError'{0x00000000d584d788}: 'java.lang.Object java.lang.invoke.Invokers$Holder.linkToTargetMethod(java.lang.Object, int, java.lang.Object, java.lang.Object, java.lang.Object, java.lang.Object, java.lang.Object)'> (0x00000000d584d788) 
thrown [s\src\hotspot\share\interpreter\linkResolver.cpp, line 773]
Event: 79.999 Thread 0x000001bd475cd9e0 Exception <a 'java/lang/IncompatibleClassChangeError'{0x00000000d5931a78}: Found class java.lang.Object, but interface was expected> (0x00000000d5931a78) 
thrown [s\src\hotspot\share\interpreter\linkResolver.cpp, line 840]
Event: 80.013 Thread 0x000001bd47fc1790 Exception <a 'java/lang/NoSuchMethodError'{0x00000000d5982480}: 'java.lang.Object java.lang.invoke.DirectMethodHandle$Holder.invokeSpecial(java.lang.Object, java.lang.Object, java.lang.Object, java.lang.Object, int, java.lang.Object, java.lang.Object)'> (0x00000000d5982480) 
thrown [s\src\hotspot\share\interpreter\linkResolver.cpp, line 773]
Event: 80.442 Thread 0x000001bd4792c900 Exception <a 'sun/nio/fs/WindowsException'{0x00000000d5844268}> (0x00000000d5844268) 
thrown [s\src\hotspot\share\prims\jni.cpp, line 520]
Event: 80.442 Thread 0x000001bd4792c900 Exception <a 'sun/nio/fs/WindowsException'{0x00000000d58447a0}> (0x00000000d58447a0) 
thrown [s\src\hotspot\share\prims\jni.cpp, line 520]
Event: 80.464 Thread 0x000001bd4792c900 Exception <a 'sun/nio/fs/WindowsException'{0x00000000d5865368}> (0x00000000d5865368) 
thrown [s\src\hotspot\share\prims\jni.cpp, line 520]
Event: 80.464 Thread 0x000001bd4792c900 Exception <a 'sun/nio/fs/WindowsException'{0x00000000d58658a0}> (0x00000000d58658a0) 
thrown [s\src\hotspot\share\prims\jni.cpp, line 520]
Event: 1697.256 Thread 0x000001bd475cd9e0 Exception <a 'java/lang/IncompatibleClassChangeError'{0x00000000d5826110}: Found class java.lang.Object, but interface was expected> (0x00000000d5826110) 
thrown [s\src\hotspot\share\interpreter\linkResolver.cpp, line 840]

ZGC Phase Switch (0 events):
No events

VM Operations (20 events):
Event: 18776.593 Executing non-safepoint VM operation: HandshakeAllThreads (HandshakeForDeflation)
Event: 18776.593 Executing non-safepoint VM operation: HandshakeAllThreads (HandshakeForDeflation) done
Event: 18776.593 Executing non-safepoint VM operation: RendezvousGCThreads
Event: 18776.594 Executing non-safepoint VM operation: RendezvousGCThreads done
Event: 18836.668 Executing non-safepoint VM operation: HandshakeAllThreads (HandshakeForDeflation)
Event: 18836.668 Executing non-safepoint VM operation: HandshakeAllThreads (HandshakeForDeflation) done
Event: 18836.668 Executing non-safepoint VM operation: RendezvousGCThreads
Event: 18836.668 Executing non-safepoint VM operation: RendezvousGCThreads done
Event: 19076.962 Executing non-safepoint VM operation: HandshakeAllThreads (HandshakeForDeflation)
Event: 19076.965 Executing non-safepoint VM operation: HandshakeAllThreads (HandshakeForDeflation) done
Event: 19076.965 Executing non-safepoint VM operation: RendezvousGCThreads
Event: 19076.965 Executing non-safepoint VM operation: RendezvousGCThreads done
Event: 19317.268 Executing non-safepoint VM operation: HandshakeAllThreads (HandshakeForDeflation)
Event: 19317.310 Executing non-safepoint VM operation: HandshakeAllThreads (HandshakeForDeflation) done
Event: 19317.311 Executing non-safepoint VM operation: RendezvousGCThreads
Event: 19317.311 Executing non-safepoint VM operation: RendezvousGCThreads done
Event: 19497.551 Executing non-safepoint VM operation: HandshakeAllThreads (HandshakeForDeflation)
Event: 19497.559 Executing non-safepoint VM operation: HandshakeAllThreads (HandshakeForDeflation) done
Event: 19497.559 Executing non-safepoint VM operation: RendezvousGCThreads
Event: 19497.559 Executing non-safepoint VM operation: RendezvousGCThreads done

Memory protections (0 events):
No events

Nmethod flushes (20 events):
Event: 41.292 Thread 0x000001bd68c023d0 flushing  nmethod 0x000001bd6c68aa10
Event: 41.292 Thread 0x000001bd68c023d0 flushing  nmethod 0x000001bd6c6a9810
Event: 41.292 Thread 0x000001bd68c023d0 flushing osr nmethod 0x000001bd6c6b2d90
Event: 41.292 Thread 0x000001bd68c023d0 flushing osr nmethod 0x000001bd6c6b4a90
Event: 41.292 Thread 0x000001bd68c023d0 flushing osr nmethod 0x000001bd6c709590
Event: 41.292 Thread 0x000001bd68c023d0 flushing osr nmethod 0x000001bd6c720610
Event: 41.292 Thread 0x000001bd68c023d0 flushing  nmethod 0x000001bd6c726b90
Event: 41.292 Thread 0x000001bd68c023d0 flushing  nmethod 0x000001bd6c741410
Event: 41.292 Thread 0x000001bd68c023d0 flushing  nmethod 0x000001bd6c741f10
Event: 41.292 Thread 0x000001bd68c023d0 flushing  nmethod 0x000001bd6c765510
Event: 41.292 Thread 0x000001bd68c023d0 flushing  nmethod 0x000001bd6c76d310
Event: 41.292 Thread 0x000001bd68c023d0 flushing  nmethod 0x000001bd6c770810
Event: 41.292 Thread 0x000001bd68c023d0 flushing  nmethod 0x000001bd6c771310
Event: 41.292 Thread 0x000001bd68c023d0 flushing  nmethod 0x000001bd6c771910
Event: 41.292 Thread 0x000001bd68c023d0 flushing  nmethod 0x000001bd6c772190
Event: 41.292 Thread 0x000001bd68c023d0 flushing  nmethod 0x000001bd6c772790
Event: 41.292 Thread 0x000001bd68c023d0 flushing  nmethod 0x000001bd6c774d90
Event: 41.292 Thread 0x000001bd68c023d0 flushing  nmethod 0x000001bd6c77ca90
Event: 41.292 Thread 0x000001bd68c023d0 flushing  nmethod 0x000001bd6c785e10
Event: 41.292 Thread 0x000001bd68c023d0 flushing  nmethod 0x000001bd6c78b910

Events (20 events):
Event: 200.055 Thread 0x000001bd4792b550 Thread exited: 0x000001bd4792b550
Event: 365.974 Thread 0x000001bd68d29ca0 Thread added: 0x000001bd4ca303c0
Event: 366.183 Thread 0x000001bd4ca303c0 Thread exited: 0x000001bd4ca303c0
Event: 543.468 Thread 0x000001bd68d29ca0 Thread added: 0x000001bd4ca31f00
Event: 543.681 Thread 0x000001bd4ca31f00 Thread exited: 0x000001bd4ca31f00
Event: 603.736 Thread 0x000001bd47fc1790 Thread exited: 0x000001bd47fc1790
Event: 663.734 Thread 0x000001bd475ce700 Thread exited: 0x000001bd475ce700
Event: 723.735 Thread 0x000001bd47fc1e20 Thread exited: 0x000001bd47fc1e20
Event: 783.736 Thread 0x000001bd47fc1100 Thread exited: 0x000001bd47fc1100
Event: 843.737 Thread 0x000001bd47fbe9a0 Thread exited: 0x000001bd47fbe9a0
Event: 903.739 Thread 0x000001bd475cabf0 Thread exited: 0x000001bd475cabf0
Event: 963.740 Thread 0x000001bd475ce070 Thread exited: 0x000001bd475ce070
Event: 1023.742 Thread 0x000001bd475ced90 Thread exited: 0x000001bd475ced90
Event: 1083.740 Thread 0x000001bd475cbfa0 Thread exited: 0x000001bd475cbfa0
Event: 1143.744 Thread 0x000001bd47fc03e0 Thread exited: 0x000001bd47fc03e0
Event: 1203.743 Thread 0x000001bd47fc0a70 Thread exited: 0x000001bd47fc0a70
Event: 1697.353 Thread 0x000001bd475cd9e0 Thread added: 0x000001bd47fc03e0
Event: 1697.505 Thread 0x000001bd47fc03e0 Thread added: 0x000001bd47fc0a70
Event: 1757.799 Thread 0x000001bd47fc03e0 Thread exited: 0x000001bd47fc03e0
Event: 1817.797 Thread 0x000001bd47fc0a70 Thread exited: 0x000001bd47fc0a70


Dynamic libraries:
0x00007ff6bcb30000 - 0x00007ff6bcb3e000 	c:\Users\Gerson Ruiz\.vscode\extensions\redhat.java-1.53.0-win32-x64\jre\21.0.10-win32-x86_64\bin\java.exe
0x00007ffdbed80000 - 0x00007ffdbefe7000 	C:\WINDOWS\SYSTEM32\ntdll.dll
0x00007ffdbd040000 - 0x00007ffdbd109000 	C:\WINDOWS\System32\KERNEL32.DLL
0x00007ffdbc3d0000 - 0x00007ffdbc7c1000 	C:\WINDOWS\System32\KERNELBASE.dll
0x00007ffdbb720000 - 0x00007ffdbb86b000 	C:\WINDOWS\System32\ucrtbase.dll
0x00007ffd28240000 - 0x00007ffd28258000 	c:\Users\Gerson Ruiz\.vscode\extensions\redhat.java-1.53.0-win32-x64\jre\21.0.10-win32-x86_64\bin\jli.dll
0x00007ffdbd710000 - 0x00007ffdbd8d5000 	C:\WINDOWS\System32\USER32.dll
0x00007ffdbb660000 - 0x00007ffdbb687000 	C:\WINDOWS\System32\win32u.dll
0x00007ffdbd010000 - 0x00007ffdbd03b000 	C:\WINDOWS\System32\GDI32.dll
0x00007ffdbc7d0000 - 0x00007ffdbc8fb000 	C:\WINDOWS\System32\gdi32full.dll
0x00007ffdbca70000 - 0x00007ffdbcb13000 	C:\WINDOWS\System32\msvcp_win.dll
0x00007ffd28260000 - 0x00007ffd2827e000 	c:\Users\Gerson Ruiz\.vscode\extensions\redhat.java-1.53.0-win32-x64\jre\21.0.10-win32-x86_64\bin\VCRUNTIME140.dll
0x00007ffda4010000 - 0x00007ffda42a3000 	C:\WINDOWS\WinSxS\amd64_microsoft.windows.common-controls_6595b64144ccf1df_6.0.26100.8037_none_3e092faae333b53b\COMCTL32.dll
0x00007ffdbdc20000 - 0x00007ffdbdcc9000 	C:\WINDOWS\System32\msvcrt.dll
0x00007ffdbed00000 - 0x00007ffdbed31000 	C:\WINDOWS\System32\IMM32.DLL
0x00007ffd567d0000 - 0x00007ffd567dc000 	c:\Users\Gerson Ruiz\.vscode\extensions\redhat.java-1.53.0-win32-x64\jre\21.0.10-win32-x86_64\bin\vcruntime140_1.dll
0x00007ffced470000 - 0x00007ffced4fd000 	c:\Users\Gerson Ruiz\.vscode\extensions\redhat.java-1.53.0-win32-x64\jre\21.0.10-win32-x86_64\bin\msvcp140.dll
0x00007ffcec6c0000 - 0x00007ffced461000 	c:\Users\Gerson Ruiz\.vscode\extensions\redhat.java-1.53.0-win32-x64\jre\21.0.10-win32-x86_64\bin\server\jvm.dll
0x00007ffdbe460000 - 0x00007ffdbe51b000 	C:\WINDOWS\System32\ADVAPI32.dll
0x00007ffdbd8e0000 - 0x00007ffdbd987000 	C:\WINDOWS\System32\sechost.dll
0x00007ffdbd520000 - 0x00007ffdbd638000 	C:\WINDOWS\System32\RPCRT4.dll
0x00007ffdbe7f0000 - 0x00007ffdbe864000 	C:\WINDOWS\System32\WS2_32.dll
0x00007ffdbb4c0000 - 0x00007ffdbb51e000 	C:\WINDOWS\SYSTEM32\POWRPROF.dll
0x00007ffdb4df0000 - 0x00007ffdb4dfb000 	C:\WINDOWS\SYSTEM32\VERSION.dll
0x00007ffdb4db0000 - 0x00007ffdb4de5000 	C:\WINDOWS\SYSTEM32\WINMM.dll
0x00007ffdbb4a0000 - 0x00007ffdbb4b4000 	C:\WINDOWS\SYSTEM32\UMPDC.dll
0x00007ffdba3f0000 - 0x00007ffdba40b000 	C:\WINDOWS\SYSTEM32\kernel.appcore.dll
0x00007ffd54510000 - 0x00007ffd5451a000 	c:\Users\Gerson Ruiz\.vscode\extensions\redhat.java-1.53.0-win32-x64\jre\21.0.10-win32-x86_64\bin\jimage.dll
0x00007ffdb1700000 - 0x00007ffdb1942000 	C:\WINDOWS\SYSTEM32\DBGHELP.DLL
0x00007ffdbd110000 - 0x00007ffdbd492000 	C:\WINDOWS\System32\combase.dll
0x00007ffdbe550000 - 0x00007ffdbe627000 	C:\WINDOWS\System32\OLEAUT32.dll
0x00007ffda1310000 - 0x00007ffda134b000 	C:\WINDOWS\SYSTEM32\dbgcore.DLL
0x00007ffdbb930000 - 0x00007ffdbb9d5000 	C:\WINDOWS\System32\bcryptPrimitives.dll
0x00007ffd53b40000 - 0x00007ffd53b4f000 	c:\Users\Gerson Ruiz\.vscode\extensions\redhat.java-1.53.0-win32-x64\jre\21.0.10-win32-x86_64\bin\instrument.dll
0x00007ffd28220000 - 0x00007ffd28240000 	c:\Users\Gerson Ruiz\.vscode\extensions\redhat.java-1.53.0-win32-x64\jre\21.0.10-win32-x86_64\bin\java.dll
0x00007ffdbdcd0000 - 0x00007ffdbe42f000 	C:\WINDOWS\System32\SHELL32.dll
0x00007ffdbc900000 - 0x00007ffdbca6a000 	C:\WINDOWS\System32\wintypes.dll
0x00007ffdbb9e0000 - 0x00007ffdbc244000 	C:\WINDOWS\System32\windows.storage.dll
0x00007ffdbcb40000 - 0x00007ffdbcc37000 	C:\WINDOWS\System32\SHCORE.dll
0x00007ffdbd4a0000 - 0x00007ffdbd507000 	C:\WINDOWS\System32\shlwapi.dll
0x00007ffdbb580000 - 0x00007ffdbb5a9000 	C:\WINDOWS\SYSTEM32\profapi.dll
0x00007ffd28200000 - 0x00007ffd28218000 	c:\Users\Gerson Ruiz\.vscode\extensions\redhat.java-1.53.0-win32-x64\jre\21.0.10-win32-x86_64\bin\zip.dll
0x00007ffd53a60000 - 0x00007ffd53a70000 	C:\Users\Gerson Ruiz\.vscode\extensions\redhat.java-1.53.0-win32-x64\jre\21.0.10-win32-x86_64\bin\net.dll
0x00007ffdb5850000 - 0x00007ffdb5977000 	C:\WINDOWS\SYSTEM32\WINHTTP.dll
0x00007ffdba960000 - 0x00007ffdba9cb000 	C:\WINDOWS\system32\mswsock.dll
0x00007ffd281e0000 - 0x00007ffd281f6000 	C:\Users\Gerson Ruiz\.vscode\extensions\redhat.java-1.53.0-win32-x64\jre\21.0.10-win32-x86_64\bin\nio.dll
0x00007ffd535b0000 - 0x00007ffd535c0000 	c:\Users\Gerson Ruiz\.vscode\extensions\redhat.java-1.53.0-win32-x64\jre\21.0.10-win32-x86_64\bin\verify.dll
0x00007ffd561f0000 - 0x00007ffd56235000 	C:\Users\Gerson Ruiz\AppData\Roaming\Code\User\globalStorage\redhat.java\1.53.0\config_win\org.eclipse.equinox.launcher\org.eclipse.equinox.launcher.win32.win32.x86_64_1.3.0.v20260203-2149\eclipse_11919.dll
0x00007ffdbce70000 - 0x00007ffdbd005000 	C:\WINDOWS\System32\ole32.dll
0x00007ffdbac40000 - 0x00007ffdbac5b000 	C:\WINDOWS\SYSTEM32\CRYPTSP.dll
0x00007ffdba350000 - 0x00007ffdba389000 	C:\WINDOWS\system32\rsaenh.dll
0x00007ffdbaa10000 - 0x00007ffdbaa42000 	C:\WINDOWS\SYSTEM32\USERENV.dll
0x00007ffdbb550000 - 0x00007ffdbb57a000 	C:\WINDOWS\SYSTEM32\bcrypt.dll
0x00007ffdbac60000 - 0x00007ffdbac6c000 	C:\WINDOWS\SYSTEM32\CRYPTBASE.dll
0x00007ffdb9e30000 - 0x00007ffdb9e63000 	C:\WINDOWS\SYSTEM32\IPHLPAPI.DLL
0x00007ffdbd510000 - 0x00007ffdbd51a000 	C:\WINDOWS\System32\NSI.dll
0x00007ffd56150000 - 0x00007ffd56199000 	C:\Users\Gerson Ruiz\AppData\Local\Temp\jna--740873446\jna4815546736122065281.dll
0x00007ffdbcb20000 - 0x00007ffdbcb28000 	C:\WINDOWS\System32\PSAPI.DLL
0x00007ffdb6950000 - 0x00007ffdb696d000 	C:\WINDOWS\SYSTEM32\dhcpcsvc6.DLL
0x00007ffdb6820000 - 0x00007ffdb6843000 	C:\WINDOWS\SYSTEM32\dhcpcsvc.DLL
0x00007ffda9b10000 - 0x00007ffda9b1e000 	C:\Users\Gerson Ruiz\.vscode\extensions\redhat.java-1.53.0-win32-x64\jre\21.0.10-win32-x86_64\bin\sunmscapi.dll
0x00007ffdbc250000 - 0x00007ffdbc3c7000 	C:\WINDOWS\System32\CRYPT32.dll
0x00007ffdbae60000 - 0x00007ffdbae90000 	C:\WINDOWS\SYSTEM32\ncrypt.dll
0x00007ffdbae10000 - 0x00007ffdbae4f000 	C:\WINDOWS\SYSTEM32\NTASN1.dll
0x00007ffdb9e70000 - 0x00007ffdb9f9a000 	C:\WINDOWS\SYSTEM32\DNSAPI.dll
0x00007ffdb51b0000 - 0x00007ffdb51bb000 	C:\Windows\System32\rasadhlp.dll
0x00007ffdb69c0000 - 0x00007ffdb6a46000 	C:\WINDOWS\System32\fwpuclnt.dll
0x00007ffd8da90000 - 0x00007ffd8da99000 	C:\Users\Gerson Ruiz\.vscode\extensions\redhat.java-1.53.0-win32-x64\jre\21.0.10-win32-x86_64\bin\extnet.dll

JVMTI agents:
c:\Users\Gerson Ruiz\.vscode\extensions\redhat.java-1.53.0-win32-x64\lombok\lombok-1.18.39-4050.jar path:c:\Users\Gerson Ruiz\.vscode\extensions\redhat.java-1.53.0-win32-x64\jre\21.0.10-win32-x86_64\bin\instrument.dll, loaded, initialized, instrumentlib options:none

dbghelp: loaded successfully - version: 4.0.5 - missing functions: none
symbol engine: initialized successfully - sym options: 0x614 - pdb path: .;c:\Users\Gerson Ruiz\.vscode\extensions\redhat.java-1.53.0-win32-x64\jre\21.0.10-win32-x86_64\bin;C:\WINDOWS\SYSTEM32;C:\WINDOWS\WinSxS\amd64_microsoft.windows.common-controls_6595b64144ccf1df_6.0.26100.8037_none_3e092faae333b53b;c:\Users\Gerson Ruiz\.vscode\extensions\redhat.java-1.53.0-win32-x64\jre\21.0.10-win32-x86_64\bin\server;C:\Users\Gerson Ruiz\AppData\Roaming\Code\User\globalStorage\redhat.java\1.53.0\config_win\org.eclipse.equinox.launcher\org.eclipse.equinox.launcher.win32.win32.x86_64_1.3.0.v20260203-2149;C:\Users\Gerson Ruiz\AppData\Local\Temp\jna--740873446

VM Arguments:
jvm_args: --add-modules=ALL-SYSTEM --add-opens=java.base/java.util=ALL-UNNAMED --add-opens=java.base/java.lang=ALL-UNNAMED --add-opens=java.base/sun.nio.fs=ALL-UNNAMED -Declipse.application=org.eclipse.jdt.ls.core.id1 -Dosgi.bundles.defaultStartLevel=4 -Declipse.product=org.eclipse.jdt.ls.core.product -Djava.import.generatesMetadataFilesAtProjectRoot=false -DDetectVMInstallationsJob.disabled=true -Dfile.encoding=utf8 -XX:+UseParallelGC -XX:GCTimeRatio=4 -XX:AdaptiveSizePolicyWeight=90 -Dsun.zip.disableMemoryMapping=true -Xmx2G -Xms100m -Xlog:disable -javaagent:c:\Users\Gerson Ruiz\.vscode\extensions\redhat.java-1.53.0-win32-x64\lombok\lombok-1.18.39-4050.jar -XX:+HeapDumpOnOutOfMemoryError -XX:HeapDumpPath=c:\Users\Gerson Ruiz\AppData\Roaming\Code\User\workspaceStorage\75955001f1426692eb6e2b604dfdcce7\redhat.java -Daether.dependencyCollector.impl=bf 
java_command: c:\Users\Gerson Ruiz\.vscode\extensions\redhat.java-1.53.0-win32-x64\server\plugins\org.eclipse.equinox.launcher_1.7.100.v20251111-0406.jar -configuration c:\Users\Gerson Ruiz\AppData\Roaming\Code\User\globalStorage\redhat.java\1.53.0\config_win -data c:\Users\Gerson Ruiz\AppData\Roaming\Code\User\workspaceStorage\75955001f1426692eb6e2b604dfdcce7\redhat.java\jdt_ws --pipe=\\.\pipe\lsp-84c8c79b6c1c26e54ad7349c9c315cdb-sock
java_class_path (initial): c:\Users\Gerson Ruiz\.vscode\extensions\redhat.java-1.53.0-win32-x64\server\plugins\org.eclipse.equinox.launcher_1.7.100.v20251111-0406.jar
Launcher Type: SUN_STANDARD

[Global flags]
    uintx AdaptiveSizePolicyWeight                 = 90                                        {product} {command line}
     intx CICompilerCount                          = 4                                         {product} {ergonomic}
    uintx GCTimeRatio                              = 4                                         {product} {command line}
     bool HeapDumpOnOutOfMemoryError               = true                                   {manageable} {command line}
    ccstr HeapDumpPath                             = c:\Users\Gerson Ruiz\AppData\Roaming\Code\User\workspaceStorage\75955001f1426692eb6e2b604dfdcce7\redhat.java         {manageable} {command line}
   size_t InitialHeapSize                          = 104857600                                 {product} {command line}
   size_t MaxHeapSize                              = 2147483648                                {product} {command line}
   size_t MaxNewSize                               = 715653120                                 {product} {ergonomic}
   size_t MinHeapDeltaBytes                        = 524288                                    {product} {ergonomic}
   size_t MinHeapSize                              = 104857600                                 {product} {command line}
   size_t NewSize                                  = 34603008                                  {product} {ergonomic}
    uintx NonNMethodCodeHeapSize                   = 5839372                                {pd product} {ergonomic}
    uintx NonProfiledCodeHeapSize                  = 122909434                              {pd product} {ergonomic}
   size_t OldSize                                  = 70254592                                  {product} {ergonomic}
    uintx ProfiledCodeHeapSize                     = 122909434                              {pd product} {ergonomic}
    uintx ReservedCodeCacheSize                    = 251658240                              {pd product} {ergonomic}
     bool SegmentedCodeCache                       = true                                      {product} {ergonomic}
   size_t SoftMaxHeapSize                          = 2147483648                             {manageable} {ergonomic}
     bool UseCompressedOops                        = true                           {product lp64_product} {ergonomic}
     bool UseLargePagesIndividualAllocation        = false                                  {pd product} {ergonomic}
     bool UseParallelGC                            = true                                      {product} {command line}

Logging:
Log output configuration:
 #0: stdout all=off uptime,level,tags foldmultilines=false
 #1: stderr all=off uptime,level,tags foldmultilines=false

Release file:
JAVA_VERSION="21.0.10" 
MODULES="java.base java.compiler java.datatransfer java.xml java.prefs java.desktop java.instrument java.logging java.management java.security.sasl java.naming java.rmi java.management.rmi java.net.http java.scripting java.security.jgss java.transaction.xa java.sql java.sql.rowset java.xml.crypto java.se java.smartcardio jdk.accessibility jdk.internal.jvmstat jdk.attach jdk.charsets jdk.internal.opt jdk.zipfs jdk.compiler jdk.crypto.ec jdk.crypto.cryptoki jdk.crypto.mscapi jdk.dynalink jdk.internal.ed jdk.editpad jdk.hotspot.agent jdk.httpserver jdk.internal.le jdk.internal.vm.ci jdk.internal.vm.compiler jdk.internal.vm.compiler.management jdk.jartool jdk.javadoc jdk.jcmd jdk.management jdk.management.agent jdk.jconsole jdk.jdeps jdk.jdwp.agent jdk.jdi jdk.jfr jdk.jshell jdk.jsobject jdk.jstatd jdk.localedata jdk.management.jfr jdk.naming.dns jdk.naming.rmi jdk.net jdk.nio.mapmode jdk.random jdk.sctp jdk.security.auth jdk.security.jgss jdk.unsupported jdk.unsupported.desktop jdk.xml.dom" 

Environment Variables:
JAVA_HOME=C:\jdk-17.0.16
PATH=C:\Users\Gerson Ruiz\AppData\Local\Programs\Microsoft VS Code;C:\Program Files\Microsoft SDKs\Azure\CLI2\wbin;C:\Python313\Scripts\;C:\Python313\;C:\Program Files\Common Files\Oracle\Java\javapath;C:\Program Files (x86)\Common Files\Oracle\Java\javapath;C:\Program Files (x86)\Common Files\Intel\Shared Libraries\redist\ia32\compiler;C:\Program Files (x86)\Common Files\Intel\Shared Libraries\redist\intel64\compiler;C:\windows\system32;C:\windows;C:\windows\System32\Wbem;C:\windows\System32\WindowsPowerShell\v1.0\;C:\windows\System32\OpenSSH\;C:\Program Files (x86)\dotnet\;c:\Program Files (x86)\Acustica\Framework\;c:\Program Files\Acustica\Framework\;C:\Program Files\HP\HP One Agent;C:\WINDOWS\system32;C:\WINDOWS;C:\WINDOWS\System32\Wbem;C:\WINDOWS\System32\WindowsPowerShell\v1.0\;C:\WINDOWS\System32\OpenSSH\;C:\Program Files\nodejs\;C:\ProgramData\chocolatey\bin;C:\Program Files\Git\cmd;C:\Program Files\apache-maven-3.9.9\apache-maven-3.9.9\bin\bin;C:\Program Files\apache-maven-3.9.9\apache-maven-3.9.9\bin;C:\Program Files\PowerShell\7\;C:\jdk-17.0.16\bin;C:\Program Files\MySQL\MySQL Shell 8.0\bin\;C:\Users\Gerson Ruiz\AppData\Local\Programs\Python\Python311\Scripts\;C:\Users\Gerson Ruiz\AppData\Local\Programs\Python\Python311\;C:\Users\Gerson Ruiz\AppData\Local\Microsoft\WindowsApps;C:\Users\Gerson Ruiz\AppData\Local\Programs\Microsoft VS Code\bin;C:\xampp\mysql\bin;C:\Users\Gerson Ruiz\AppData\Roaming\npm;C:\Program Files\MongoDB\Server\8.0\bin;C:\Program Files\MongoDB\mongosh-2.4.2-win32-x64\mongosh-2.4.2-win32-x64\bin;C:\Program Files\apache-maven-3.9.9\apache-maven-3.9.9\bin;C:\flutter\bin;C:\Users\Gerson Ruiz\AppData\Local\Android\Sdk\cmdline-tools\latest\bin;C:\src\flutter\bin;C:\msys64\ucrt64\bin;C:\Android\cmdline-tools\latest\bin;
USERNAME=Moises Ruiz
OS=Windows_NT
PROCESSOR_IDENTIFIER=AMD64 Family 23 Model 104 Stepping 1, AuthenticAMD
TMP=C:\Users\GERSON~1\AppData\Local\Temp
TEMP=C:\Users\GERSON~1\AppData\Local\Temp




Periodic native trim disabled

---------------  S Y S T E M  ---------------

OS:
 Windows 11 , 64 bit Build 26100 (10.0.26100.7920)
OS uptime: 0 days 5:31 hours
Hyper-V role detected

CPU: total 12 (initial active 12) (12 cores per cpu, 2 threads per core) family 23 model 104 stepping 1 microcode 0x8608107, cx8, cmov, fxsr, ht, mmx, 3dnowpref, sse, sse2, sse3, ssse3, sse4a, sse4.1, sse4.2, popcnt, lzcnt, tsc, tscinvbit, avx, avx2, aes, clmul, bmi1, bmi2, adx, sha, fma, vzeroupper, clflush, clflushopt, hv, rdtscp, rdpid, f16c
Processor Information for the first 12 processors :
  Max Mhz: 2100, Current Mhz: 2100, Mhz Limit: 2100

Memory: 4k page, system-wide physical 7501M (710M free)
TotalPageFile size 22692M (AvailPageFile size 97M)
current process WorkingSet (physical memory assigned to process): 27M, peak: 387M
current process commit charge ("private bytes"): 506M, peak: 525M

vm_info: OpenJDK 64-Bit Server VM (21.0.10+7-LTS) for windows-amd64 JRE (21.0.10+7-LTS), built on 2026-01-20T00:00:00Z by "admin" with MS VC++ 17.12 (VS2022)

END.
